TpTrace Verbose: 0 : 10024, 2, 2026/04/13, 17:03:31.694, 39619528701859, datacollector.dll, Version: 17.14.1-release-25428-01
TpTrace Information: 0 : 10024, 2, 2026/04/13, 17:03:31.697, 39619528736596, datacollector.dll, DataCollectorMain.Run: Starting data collector run with args: --port,64754,--parentprocessid,13584,--diag,D:\user\Desktop\QA\Back-End 2\14. Exam Preparation1\Foody\FoodyExamPrep\FoodyExamPrep\bin\Debug\net8.0\fine-code-coverage\coverage-tool-output\diagnostics.datacollector.26-04-13_17-03-31_60812_5.log,--tracelevel,4
TpTrace Information: 0 : 10024, 2, 2026/04/13, 17:03:31.697, 39619528737411, datacollector.dll, DataCollector: Monitoring parent process with id: '13584'
TpTrace Information: 0 : 10024, 2, 2026/04/13, 17:03:31.705, 39619528814099, datacollector.dll, Trying to connect to server on socket : 127.0.0.1:64754 
TpTrace Verbose: 0 : 10024, 2, 2026/04/13, 17:03:31.712, 39619528881981, datacollector.dll, SocketCommunicationManager : SetupClientAsync : Attempting to connect to the server.
TpTrace Information: 0 : 10024, 6, 2026/04/13, 17:03:31.718, 39619528947448, datacollector.dll, Connected to the server successfully 
TpTrace Information: 0 : 10024, 6, 2026/04/13, 17:03:31.718, 39619528948139, datacollector.dll, Using the buffer size of 16384 bytes
TpTrace Information: 0 : 10024, 2, 2026/04/13, 17:03:31.755, 39619529310117, datacollector.dll, DataCollector: Start Request Processing.
TpTrace Verbose: 0 : 10024, 2, 2026/04/13, 17:03:31.755, 39619529312055, datacollector.dll, SocketCommunicationManager.WaitForServerConnection took: 0 ms, with 90000 ms timeout, and finished with True.
TpTrace Information: 0 : 10024, 2, 2026/04/13, 17:03:31.755, 39619529313946, datacollector.dll, DataCollectionRequestHandler.ProcessRequests: Datacollector received message: (DataCollection.BeforeTestRunStart) -> {"MessageType":"DataCollection.BeforeTestRunStart","Payload":{"SettingsXml":"<RunSettings><RunConfiguration><ResultsDirectory>D:\\user\\Desktop\\QA\\Back-End 2\\14. Exam Preparation1\\Foody\\FoodyExamPrep\\FoodyExamPrep\\bin\\Debug\\net8.0\\fine-code-coverage\\coverage-tool-output</ResultsDirectory><TargetPlatform>X64</TargetPlatform><TargetFrameworkVersion>.NETCoreApp,Version=v8.0</TargetFrameworkVersion><DesignMode>False</DesignMode><CollectSourceInformation>False</CollectSourceInformation><TestAdaptersPaths>C:\\Program Files\\dotnet\\sdk\\9.0.309\\Extensions</TestAdaptersPaths></RunConfiguration><LoggerRunSettings><Loggers><Logger friendlyName=\"blame\" enabled=\"True\" /><Logger friendlyName=\"Console\" uri=\"logger://microsoft/TestPlatform/ConsoleLogger/v1\" assemblyQualifiedName=\"Microsoft.VisualStudio.TestPlatform.CommandLine.Internal.ConsoleLogger, vstest.console, Version=15.0.0.0, Culture=neutral, PublicKeyToken=b03f5f7f11d50a3a\" codeBase=\"C:\\Program Files\\dotnet\\sdk\\9.0.309\\vstest.console.dll\" enabled=\"True\" /></Loggers></LoggerRunSettings><DataCollectionRunSettings><DataCollectors><DataCollector friendlyName=\"blame\" enabled=\"True\"><Configuration><ResultsDirectory>D:\\user\\Desktop\\QA\\Back-End 2\\14. Exam Preparation1\\Foody\\FoodyExamPrep\\FoodyExamPrep\\bin\\Debug\\net8.0\\fine-code-coverage\\coverage-tool-output</ResultsDirectory></Configuration></DataCollector></DataCollectors></DataCollectionRunSettings></RunSettings>","Sources":["D:\\user\\Desktop\\QA\\Back-End 2\\14. Exam Preparation1\\Foody\\FoodyExamPrep\\FoodyExamPrep\\bin\\Debug\\net8.0\\fine-code-coverage\\build-output\\FoodyExamPrep.dll"],"IsTelemetryOptedIn":false}}
TpTrace Verbose: 0 : 10024, 2, 2026/04/13, 17:03:31.779, 39619529555525, datacollector.dll, TestPluginCache: Update extensions started. Skip filter = False
TpTrace Verbose: 0 : 10024, 2, 2026/04/13, 17:03:31.780, 39619529560350, datacollector.dll, TestPluginCache: Using directories for assembly resolution 'C:\Program Files\dotnet\sdk\9.0.309\Extensions'.
TpTrace Verbose: 0 : 10024, 2, 2026/04/13, 17:03:31.780, 39619529560909, datacollector.dll, TestPluginCache: Updated the available extensions to 'C:\Program Files\dotnet\sdk\9.0.309\Extensions\Microsoft.TestPlatform.Extensions.BlameDataCollector.dll,C:\Program Files\dotnet\sdk\9.0.309\Extensions\Microsoft.TestPlatform.Extensions.EventLogCollector.dll'.
TpTrace Verbose: 0 : 10024, 2, 2026/04/13, 17:03:31.783, 39619529595422, datacollector.dll, TestPluginCache.DiscoverTestExtensions: finding test extensions in assemblies ends with: Collector.dll TPluginInfo: Microsoft.VisualStudio.TestPlatform.Common.DataCollector.DataCollectorConfig TExtension: Microsoft.VisualStudio.TestPlatform.ObjectModel.DataCollection.DataCollector
TpTrace Verbose: 0 : 10024, 2, 2026/04/13, 17:03:31.784, 39619529604052, datacollector.dll, TestPluginCache.GetExtensionPaths: Filtered extension paths: C:\Program Files\dotnet\sdk\9.0.309\Extensions\Microsoft.TestPlatform.Extensions.BlameDataCollector.dll
C:\Program Files\dotnet\sdk\9.0.309\Extensions\Microsoft.TestPlatform.Extensions.EventLogCollector.dll
TpTrace Verbose: 0 : 10024, 2, 2026/04/13, 17:03:31.784, 39619529604557, datacollector.dll, TestPluginCache.GetExtensionPaths: Added default extension paths: 
TpTrace Verbose: 0 : 10024, 2, 2026/04/13, 17:03:31.784, 39619529604690, datacollector.dll, TestPluginCache.GetExtensionPaths: Added unfilterableExtensionPaths: 
TpTrace Information: 0 : 10024, 2, 2026/04/13, 17:03:31.784, 39619529608362, datacollector.dll, AssemblyResolver.ctor: Creating AssemblyResolver with searchDirectories C:\Program Files\dotnet\sdk\9.0.309\Extensions,C:\Program Files\dotnet\sdk\9.0.309
TpTrace Verbose: 0 : 10024, 2, 2026/04/13, 17:03:31.786, 39619529621274, datacollector.dll, TestPluginCache.DiscoverTestExtensions: Discovering the extensions using extension path.
TpTrace Verbose: 0 : 10024, 2, 2026/04/13, 17:03:31.786, 39619529622357, datacollector.dll, TestPluginCache.GetExtensionPaths: Filtered extension paths: C:\Program Files\dotnet\sdk\9.0.309\Extensions\Microsoft.TestPlatform.Extensions.BlameDataCollector.dll
C:\Program Files\dotnet\sdk\9.0.309\Extensions\Microsoft.TestPlatform.Extensions.EventLogCollector.dll
TpTrace Verbose: 0 : 10024, 2, 2026/04/13, 17:03:31.786, 39619529622595, datacollector.dll, TestPluginCache.GetExtensionPaths: Added default extension paths: 
TpTrace Verbose: 0 : 10024, 2, 2026/04/13, 17:03:31.786, 39619529622723, datacollector.dll, TestPluginCache.GetExtensionPaths: Added unfilterableExtensionPaths: 
TpTrace Verbose: 0 : 10024, 2, 2026/04/13, 17:03:31.786, 39619529623005, datacollector.dll, TestPluginCache.DiscoverTestExtensions: Discovering the extensions using allExtensionPaths: C:\Program Files\dotnet\sdk\9.0.309\Extensions\Microsoft.TestPlatform.Extensions.BlameDataCollector.dll
C:\Program Files\dotnet\sdk\9.0.309\Extensions\Microsoft.TestPlatform.Extensions.EventLogCollector.dll
TpTrace Information: 0 : 10024, 2, 2026/04/13, 17:03:31.786, 39619529623643, datacollector.dll, AssemblyResolver.AddSearchDirectories: Adding more searchDirectories C:\Program Files\dotnet\sdk\9.0.309\Extensions,C:\Program Files\dotnet\sdk\9.0.309
TpTrace Information: 0 : 10024, 2, 2026/04/13, 17:03:31.786, 39619529623934, datacollector.dll, AssemblyResolver.AddSearchDirectories: Adding more searchDirectories C:\Program Files\dotnet\sdk\9.0.309\Extensions,C:\Program Files\dotnet\sdk\9.0.309
TpTrace Information: 0 : 10024, 2, 2026/04/13, 17:03:31.786, 39619529627165, datacollector.dll, AssemblyResolver.OnResolve: Microsoft.TestPlatform.Extensions.BlameDataCollector: Resolving assembly.
TpTrace Information: 0 : 10024, 2, 2026/04/13, 17:03:31.786, 39619529627792, datacollector.dll, AssemblyResolver.OnResolve: Microsoft.TestPlatform.Extensions.BlameDataCollector: Searching in: 'C:\Program Files\dotnet\sdk\9.0.309\Extensions'.
TpTrace Information: 0 : 10024, 2, 2026/04/13, 17:03:31.796, 39619529721235, datacollector.dll, AssemblyResolver.OnResolve: Microsoft.TestPlatform.Extensions.BlameDataCollector: Loading assembly 'C:\Program Files\dotnet\sdk\9.0.309\Extensions\Microsoft.TestPlatform.Extensions.BlameDataCollector.dll'.
TpTrace Information: 0 : 10024, 2, 2026/04/13, 17:03:31.796, 39619529728785, datacollector.dll, AssemblyResolver.OnResolve: Resolved assembly: Microsoft.TestPlatform.Extensions.BlameDataCollector, from path: C:\Program Files\dotnet\sdk\9.0.309\Extensions\Microsoft.TestPlatform.Extensions.BlameDataCollector.dll
TpTrace Verbose: 0 : 10024, 2, 2026/04/13, 17:03:31.797, 39619529735406, datacollector.dll, MetadataReaderExtensionsHelper: Discovering extensions inside assembly 'Microsoft.TestPlatform.Extensions.BlameDataCollector, Version=15.0.0.0, Culture=neutral, PublicKeyToken=b03f5f7f11d50a3a' file path 'C:\Program Files\dotnet\sdk\9.0.309\Extensions\Microsoft.TestPlatform.Extensions.BlameDataCollector.dll'
TpTrace Error: 0 : 10024, 2, 2026/04/13, 17:03:31.799, 39619529758523, datacollector.dll, The type "Microsoft.TestPlatform.Extensions.BlameDataCollector.BlameCollector" defined in "Microsoft.TestPlatform.Extensions.BlameDataCollector.dll" does not have ExtensionUri attribute.
TpTrace Information: 0 : 10024, 2, 2026/04/13, 17:03:31.802, 39619529781262, datacollector.dll, GetTestExtensionFromType: Register extension with identifier data 'datacollector://microsoft/TestPlatform/Extensions/Blame/v1' and type 'Microsoft.TestPlatform.Extensions.BlameDataCollector.BlameCollector, Microsoft.TestPlatform.Extensions.BlameDataCollector, Version=15.0.0.0, Culture=neutral, PublicKeyToken=b03f5f7f11d50a3a' inside file 'C:\Program Files\dotnet\sdk\9.0.309\Extensions\Microsoft.TestPlatform.Extensions.BlameDataCollector.dll'
TpTrace Information: 0 : 10024, 2, 2026/04/13, 17:03:31.802, 39619529782144, datacollector.dll, AssemblyResolver.OnResolve: Microsoft.TestPlatform.Extensions.EventLogCollector: Resolving assembly.
TpTrace Information: 0 : 10024, 2, 2026/04/13, 17:03:31.802, 39619529782516, datacollector.dll, AssemblyResolver.OnResolve: Microsoft.TestPlatform.Extensions.EventLogCollector: Searching in: 'C:\Program Files\dotnet\sdk\9.0.309\Extensions'.
TpTrace Information: 0 : 10024, 2, 2026/04/13, 17:03:31.803, 39619529789266, datacollector.dll, AssemblyResolver.OnResolve: Microsoft.TestPlatform.Extensions.EventLogCollector: Loading assembly 'C:\Program Files\dotnet\sdk\9.0.309\Extensions\Microsoft.TestPlatform.Extensions.EventLogCollector.dll'.
TpTrace Information: 0 : 10024, 2, 2026/04/13, 17:03:31.803, 39619529794811, datacollector.dll, AssemblyResolver.OnResolve: Resolved assembly: Microsoft.TestPlatform.Extensions.EventLogCollector, from path: C:\Program Files\dotnet\sdk\9.0.309\Extensions\Microsoft.TestPlatform.Extensions.EventLogCollector.dll
TpTrace Verbose: 0 : 10024, 2, 2026/04/13, 17:03:31.803, 39619529795384, datacollector.dll, MetadataReaderExtensionsHelper: Discovering extensions inside assembly 'Microsoft.TestPlatform.Extensions.EventLogCollector, Version=15.0.0.0, Culture=neutral, PublicKeyToken=b03f5f7f11d50a3a' file path 'C:\Program Files\dotnet\sdk\9.0.309\Extensions\Microsoft.TestPlatform.Extensions.EventLogCollector.dll'
TpTrace Error: 0 : 10024, 2, 2026/04/13, 17:03:31.806, 39619529819207, datacollector.dll, The type "Microsoft.TestPlatform.Extensions.EventLogCollector.EventLogDataCollector" defined in "Microsoft.TestPlatform.Extensions.EventLogCollector.dll" does not have ExtensionUri attribute.
TpTrace Information: 0 : 10024, 2, 2026/04/13, 17:03:31.806, 39619529821529, datacollector.dll, GetTestExtensionFromType: Register extension with identifier data 'datacollector://microsoft/EventLog/2.0' and type 'Microsoft.TestPlatform.Extensions.EventLogCollector.EventLogDataCollector, Microsoft.TestPlatform.Extensions.EventLogCollector, Version=15.0.0.0, Culture=neutral, PublicKeyToken=b03f5f7f11d50a3a' inside file 'C:\Program Files\dotnet\sdk\9.0.309\Extensions\Microsoft.TestPlatform.Extensions.EventLogCollector.dll'
TpTrace Verbose: 0 : 10024, 2, 2026/04/13, 17:03:31.806, 39619529822928, datacollector.dll, TestPluginCache: Discovered the extensions using extension path 'C:\Program Files\dotnet\sdk\9.0.309\Extensions\Microsoft.TestPlatform.Extensions.BlameDataCollector.dll,C:\Program Files\dotnet\sdk\9.0.309\Extensions\Microsoft.TestPlatform.Extensions.EventLogCollector.dll'.
TpTrace Verbose: 0 : 10024, 2, 2026/04/13, 17:03:31.806, 39619529823202, datacollector.dll, TestPluginCache: Discoverers are ''.
TpTrace Verbose: 0 : 10024, 2, 2026/04/13, 17:03:31.806, 39619529823377, datacollector.dll, TestPluginCache: Executors are ''.
TpTrace Verbose: 0 : 10024, 2, 2026/04/13, 17:03:31.806, 39619529823539, datacollector.dll, TestPluginCache: Executors2 are ''.
TpTrace Verbose: 0 : 10024, 2, 2026/04/13, 17:03:31.806, 39619529823662, datacollector.dll, TestPluginCache: Setting providers are ''.
TpTrace Verbose: 0 : 10024, 2, 2026/04/13, 17:03:31.806, 39619529823782, datacollector.dll, TestPluginCache: Loggers are ''.
TpTrace Verbose: 0 : 10024, 2, 2026/04/13, 17:03:31.806, 39619529823901, datacollector.dll, TestPluginCache: TestHosts are ''.
TpTrace Verbose: 0 : 10024, 2, 2026/04/13, 17:03:31.806, 39619529824981, datacollector.dll, TestPluginCache: DataCollectors are 'datacollector://microsoft/TestPlatform/Extensions/Blame/v1,datacollector://microsoft/EventLog/2.0'.
TpTrace Information: 0 : 10024, 2, 2026/04/13, 17:03:31.808, 39619529840286, datacollector.dll, TestPluginManager.CreateTestExtension: Attempting to load test extension: Microsoft.TestPlatform.Extensions.BlameDataCollector.BlameCollector
TpTrace Information: 0 : 10024, 2, 2026/04/13, 17:03:31.810, 39619529865094, datacollector.dll, [MonitorPostmortemDump]Monitor enabled: 'False'
TpTrace Verbose: 0 : 10024, 2, 2026/04/13, 17:03:31.811, 39619529869876, datacollector.dll, MulticastDelegateUtilities.SafeInvoke: DataCollectionEvents.SessionStart: Invoking callbacks was skipped because there are no subscribers.
TpTrace Information: 0 : 10024, 2, 2026/04/13, 17:03:31.811, 39619529873541, datacollector.dll, Listening on Endpoint : 127.0.0.1:64756
TpTrace Information: 0 : 10024, 2, 2026/04/13, 17:03:31.816, 39619529925069, datacollector.dll, DataCollectionRequestHandler.ProcessRequests : DataCollection started.
TpTrace Information: 0 : 10024, 2, 2026/04/13, 17:03:31.828, 39619530041842, datacollector.dll, DataCollectionRequestHandler.ProcessRequests: Datacollector received message: (DataCollection.TestHostLaunched) -> {"MessageType":"DataCollection.TestHostLaunched","Payload":{"ProcessId":11780}}
TpTrace Verbose: 0 : 10024, 2, 2026/04/13, 17:03:31.830, 39619530062714, datacollector.dll, MulticastDelegateUtilities.SafeInvoke: DataCollectionEvents.TestHostLaunched: Invoking callback 1/1 for Microsoft.TestPlatform.Extensions.BlameDataCollector.BlameCollector., took 0 ms.
TpTrace Information: 0 : 10024, 8, 2026/04/13, 17:03:31.951, 39619531272603, datacollector.dll, Using the buffer size of 16384 bytes
TpTrace Information: 0 : 10024, 8, 2026/04/13, 17:03:31.951, 39619531273504, datacollector.dll, Accepted Client request and set the flag
TpTrace Verbose: 0 : 10024, 6, 2026/04/13, 17:03:31.951, 39619531272742, datacollector.dll, SocketCommunicationManager.WaitForClientConnection took: 137 ms, with 90000 ms timeout, and finished with True.
TpTrace Information: 0 : 10024, 6, 2026/04/13, 17:03:32.541, 39619537176903, datacollector.dll, DataCollectionTestCaseEventHandler: Test case starting.
TpTrace Information: 0 : 10024, 6, 2026/04/13, 17:03:32.549, 39619537251884, datacollector.dll, BlameCollector.EventsTestCaseStart: Test Case Start
TpTrace Verbose: 0 : 10024, 6, 2026/04/13, 17:03:32.549, 39619537253857, datacollector.dll, MulticastDelegateUtilities.SafeInvoke: DataCollectionEvents.TestCaseStart: Invoking callback 1/1 for Microsoft.TestPlatform.Extensions.BlameDataCollector.BlameCollector., took 0 ms.
TpTrace Information: 0 : 10024, 6, 2026/04/13, 17:03:32.549, 39619537256002, datacollector.dll, DataCollectionTestCaseEventHandler: Test case 'CreateFoody_WithRequiredFields_ShouldReturnSuccess - abc683dd-6175-c099-43bb-24b57a50c291' started.
TpTrace Information: 0 : 10024, 6, 2026/04/13, 17:03:32.647, 39619538233986, datacollector.dll, DataCollectionTestCaseEventHandler: Test case completing.
TpTrace Information: 0 : 10024, 6, 2026/04/13, 17:03:32.650, 39619538262554, datacollector.dll, BlameCollector.EventsTestCaseEnd: Test Case End
TpTrace Verbose: 0 : 10024, 6, 2026/04/13, 17:03:32.650, 39619538264513, datacollector.dll, MulticastDelegateUtilities.SafeInvoke: DataCollectionEvents.TestCaseEnd: Invoking callback 1/1 for Microsoft.TestPlatform.Extensions.BlameDataCollector.BlameCollector., took 0 ms.
TpTrace Information: 0 : 10024, 6, 2026/04/13, 17:03:32.651, 39619538275212, datacollector.dll, DataCollectionTestCaseEventHandler: Test case 'CreateFoody_WithRequiredFields_ShouldReturnSuccess - abc683dd-6175-c099-43bb-24b57a50c291' completed
TpTrace Information: 0 : 10024, 6, 2026/04/13, 17:03:32.656, 39619538326831, datacollector.dll, DataCollectionTestCaseEventHandler: Test case starting.
TpTrace Information: 0 : 10024, 6, 2026/04/13, 17:03:32.657, 39619538333145, datacollector.dll, BlameCollector.EventsTestCaseStart: Test Case Start
TpTrace Verbose: 0 : 10024, 6, 2026/04/13, 17:03:32.657, 39619538333672, datacollector.dll, MulticastDelegateUtilities.SafeInvoke: DataCollectionEvents.TestCaseStart: Invoking callback 1/1 for Microsoft.TestPlatform.Extensions.BlameDataCollector.BlameCollector., took 0 ms.
TpTrace Information: 0 : 10024, 6, 2026/04/13, 17:03:32.657, 39619538334570, datacollector.dll, DataCollectionTestCaseEventHandler: Test case 'Edit_TitleOfCreatedFood_ShouldReturnSuccess - 03fedc77-efbb-e9f3-016e-2579ff468ccf' started.
TpTrace Information: 0 : 10024, 6, 2026/04/13, 17:03:32.724, 39619538999167, datacollector.dll, DataCollectionTestCaseEventHandler: Test case completing.
TpTrace Information: 0 : 10024, 6, 2026/04/13, 17:03:32.724, 39619539005706, datacollector.dll, BlameCollector.EventsTestCaseEnd: Test Case End
TpTrace Verbose: 0 : 10024, 6, 2026/04/13, 17:03:32.724, 39619539006280, datacollector.dll, MulticastDelegateUtilities.SafeInvoke: DataCollectionEvents.TestCaseEnd: Invoking callback 1/1 for Microsoft.TestPlatform.Extensions.BlameDataCollector.BlameCollector., took 0 ms.
TpTrace Information: 0 : 10024, 6, 2026/04/13, 17:03:32.724, 39619539007594, datacollector.dll, DataCollectionTestCaseEventHandler: Test case 'Edit_TitleOfCreatedFood_ShouldReturnSuccess - 03fedc77-efbb-e9f3-016e-2579ff468ccf' completed
TpTrace Information: 0 : 10024, 6, 2026/04/13, 17:03:32.726, 39619539023566, datacollector.dll, DataCollectionTestCaseEventHandler: Test case starting.
TpTrace Information: 0 : 10024, 6, 2026/04/13, 17:03:32.726, 39619539028805, datacollector.dll, BlameCollector.EventsTestCaseStart: Test Case Start
TpTrace Verbose: 0 : 10024, 6, 2026/04/13, 17:03:32.727, 39619539029427, datacollector.dll, MulticastDelegateUtilities.SafeInvoke: DataCollectionEvents.TestCaseStart: Invoking callback 1/1 for Microsoft.TestPlatform.Extensions.BlameDataCollector.BlameCollector., took 0 ms.
TpTrace Information: 0 : 10024, 6, 2026/04/13, 17:03:32.727, 39619539030738, datacollector.dll, DataCollectionTestCaseEventHandler: Test case 'GetAllFoods_ShouldListAllFoods - eaa8e2f7-ba04-2ebb-3098-fb0727a4c07e' started.
TpTrace Information: 0 : 10024, 6, 2026/04/13, 17:03:32.785, 39619539612910, datacollector.dll, DataCollectionTestCaseEventHandler: Test case completing.
TpTrace Information: 0 : 10024, 6, 2026/04/13, 17:03:32.785, 39619539617935, datacollector.dll, BlameCollector.EventsTestCaseEnd: Test Case End
TpTrace Verbose: 0 : 10024, 6, 2026/04/13, 17:03:32.785, 39619539618451, datacollector.dll, MulticastDelegateUtilities.SafeInvoke: DataCollectionEvents.TestCaseEnd: Invoking callback 1/1 for Microsoft.TestPlatform.Extensions.BlameDataCollector.BlameCollector., took 0 ms.
TpTrace Information: 0 : 10024, 6, 2026/04/13, 17:03:32.786, 39619539619389, datacollector.dll, DataCollectionTestCaseEventHandler: Test case 'GetAllFoods_ShouldListAllFoods - eaa8e2f7-ba04-2ebb-3098-fb0727a4c07e' completed
TpTrace Information: 0 : 10024, 6, 2026/04/13, 17:03:32.786, 39619539626047, datacollector.dll, DataCollectionTestCaseEventHandler: Test case starting.
TpTrace Information: 0 : 10024, 6, 2026/04/13, 17:03:32.787, 39619539629054, datacollector.dll, BlameCollector.EventsTestCaseStart: Test Case Start
TpTrace Verbose: 0 : 10024, 6, 2026/04/13, 17:03:32.787, 39619539629696, datacollector.dll, MulticastDelegateUtilities.SafeInvoke: DataCollectionEvents.TestCaseStart: Invoking callback 1/1 for Microsoft.TestPlatform.Extensions.BlameDataCollector.BlameCollector., took 0 ms.
TpTrace Information: 0 : 10024, 6, 2026/04/13, 17:03:32.787, 39619539630347, datacollector.dll, DataCollectionTestCaseEventHandler: Test case 'Delete_CreatedFood_ShouldReturnSuccess - dda70a6e-d8d0-2fa3-0d04-efddda724544' started.
TpTrace Information: 0 : 10024, 6, 2026/04/13, 17:03:32.873, 39619540496319, datacollector.dll, DataCollectionTestCaseEventHandler: Test case completing.
TpTrace Information: 0 : 10024, 6, 2026/04/13, 17:03:32.874, 39619540501170, datacollector.dll, BlameCollector.EventsTestCaseEnd: Test Case End
TpTrace Verbose: 0 : 10024, 6, 2026/04/13, 17:03:32.874, 39619540501750, datacollector.dll, MulticastDelegateUtilities.SafeInvoke: DataCollectionEvents.TestCaseEnd: Invoking callback 1/1 for Microsoft.TestPlatform.Extensions.BlameDataCollector.BlameCollector., took 0 ms.
TpTrace Information: 0 : 10024, 6, 2026/04/13, 17:03:32.874, 39619540502638, datacollector.dll, DataCollectionTestCaseEventHandler: Test case 'Delete_CreatedFood_ShouldReturnSuccess - dda70a6e-d8d0-2fa3-0d04-efddda724544' completed
TpTrace Information: 0 : 10024, 6, 2026/04/13, 17:03:32.875, 39619540509284, datacollector.dll, DataCollectionTestCaseEventHandler: Test case starting.
TpTrace Information: 0 : 10024, 6, 2026/04/13, 17:03:32.875, 39619540512117, datacollector.dll, BlameCollector.EventsTestCaseStart: Test Case Start
TpTrace Verbose: 0 : 10024, 6, 2026/04/13, 17:03:32.875, 39619540512483, datacollector.dll, MulticastDelegateUtilities.SafeInvoke: DataCollectionEvents.TestCaseStart: Invoking callback 1/1 for Microsoft.TestPlatform.Extensions.BlameDataCollector.BlameCollector., took 0 ms.
TpTrace Information: 0 : 10024, 6, 2026/04/13, 17:03:32.875, 39619540513046, datacollector.dll, DataCollectionTestCaseEventHandler: Test case 'CreateFood_WithoutRequiredFields_ShouldReturnBadRequest - 89dae8c8-fdd7-f250-37f6-96c8667064b7' started.
TpTrace Information: 0 : 10024, 6, 2026/04/13, 17:03:32.925, 39619541015642, datacollector.dll, DataCollectionTestCaseEventHandler: Test case completing.
TpTrace Information: 0 : 10024, 6, 2026/04/13, 17:03:32.926, 39619541020423, datacollector.dll, BlameCollector.EventsTestCaseEnd: Test Case End
TpTrace Verbose: 0 : 10024, 6, 2026/04/13, 17:03:32.926, 39619541020987, datacollector.dll, MulticastDelegateUtilities.SafeInvoke: DataCollectionEvents.TestCaseEnd: Invoking callback 1/1 for Microsoft.TestPlatform.Extensions.BlameDataCollector.BlameCollector., took 0 ms.
TpTrace Information: 0 : 10024, 6, 2026/04/13, 17:03:32.926, 39619541022248, datacollector.dll, DataCollectionTestCaseEventHandler: Test case 'CreateFood_WithoutRequiredFields_ShouldReturnBadRequest - 89dae8c8-fdd7-f250-37f6-96c8667064b7' completed
TpTrace Information: 0 : 10024, 6, 2026/04/13, 17:03:32.927, 39619541030326, datacollector.dll, DataCollectionTestCaseEventHandler: Test case starting.
TpTrace Information: 0 : 10024, 6, 2026/04/13, 17:03:32.927, 39619541034479, datacollector.dll, BlameCollector.EventsTestCaseStart: Test Case Start
TpTrace Verbose: 0 : 10024, 6, 2026/04/13, 17:03:32.927, 39619541035017, datacollector.dll, MulticastDelegateUtilities.SafeInvoke: DataCollectionEvents.TestCaseStart: Invoking callback 1/1 for Microsoft.TestPlatform.Extensions.BlameDataCollector.BlameCollector., took 0 ms.
TpTrace Information: 0 : 10024, 6, 2026/04/13, 17:03:32.927, 39619541035877, datacollector.dll, DataCollectionTestCaseEventHandler: Test case 'Edit_NonExistentFood_ShouldReturnNotFound - 1dc65d3d-8bcb-c32f-5760-8cf44fc5f6c1' started.
TpTrace Information: 0 : 10024, 6, 2026/04/13, 17:03:32.967, 39619541433302, datacollector.dll, DataCollectionTestCaseEventHandler: Test case completing.
TpTrace Information: 0 : 10024, 6, 2026/04/13, 17:03:32.967, 39619541438334, datacollector.dll, BlameCollector.EventsTestCaseEnd: Test Case End
TpTrace Verbose: 0 : 10024, 6, 2026/04/13, 17:03:32.967, 39619541438642, datacollector.dll, MulticastDelegateUtilities.SafeInvoke: DataCollectionEvents.TestCaseEnd: Invoking callback 1/1 for Microsoft.TestPlatform.Extensions.BlameDataCollector.BlameCollector., took 0 ms.
TpTrace Information: 0 : 10024, 6, 2026/04/13, 17:03:32.968, 39619541439604, datacollector.dll, DataCollectionTestCaseEventHandler: Test case 'Edit_NonExistentFood_ShouldReturnNotFound - 1dc65d3d-8bcb-c32f-5760-8cf44fc5f6c1' completed
TpTrace Information: 0 : 10024, 6, 2026/04/13, 17:03:32.968, 39619541447025, datacollector.dll, DataCollectionTestCaseEventHandler: Test case starting.
TpTrace Information: 0 : 10024, 6, 2026/04/13, 17:03:32.969, 39619541450298, datacollector.dll, BlameCollector.EventsTestCaseStart: Test Case Start
TpTrace Verbose: 0 : 10024, 6, 2026/04/13, 17:03:32.969, 39619541450644, datacollector.dll, MulticastDelegateUtilities.SafeInvoke: DataCollectionEvents.TestCaseStart: Invoking callback 1/1 for Microsoft.TestPlatform.Extensions.BlameDataCollector.BlameCollector., took 0 ms.
TpTrace Information: 0 : 10024, 6, 2026/04/13, 17:03:32.969, 39619541451234, datacollector.dll, DataCollectionTestCaseEventHandler: Test case 'Delete_NonExistentFood_ShouldReturnNotFound - cfad53a4-e9e9-8f24-2c01-a32ed72e5f21' started.
TpTrace Information: 0 : 10024, 6, 2026/04/13, 17:03:33.014, 39619541908674, datacollector.dll, DataCollectionTestCaseEventHandler: Test case completing.
TpTrace Information: 0 : 10024, 6, 2026/04/13, 17:03:33.015, 39619541914849, datacollector.dll, BlameCollector.EventsTestCaseEnd: Test Case End
TpTrace Verbose: 0 : 10024, 6, 2026/04/13, 17:03:33.015, 39619541915373, datacollector.dll, MulticastDelegateUtilities.SafeInvoke: DataCollectionEvents.TestCaseEnd: Invoking callback 1/1 for Microsoft.TestPlatform.Extensions.BlameDataCollector.BlameCollector., took 0 ms.
TpTrace Information: 0 : 10024, 6, 2026/04/13, 17:03:33.015, 39619541917162, datacollector.dll, DataCollectionTestCaseEventHandler: Test case 'Delete_NonExistentFood_ShouldReturnNotFound - cfad53a4-e9e9-8f24-2c01-a32ed72e5f21' completed
TpTrace Information: 0 : 10024, 6, 2026/04/13, 17:03:33.022, 39619541984580, datacollector.dll, DataCollectionTestCaseEventHandler: Test session ended
TpTrace Information: 0 : 10024, 2, 2026/04/13, 17:03:33.079, 39619542553560, datacollector.dll, DataCollectionRequestHandler.ProcessRequests: Datacollector received message: (DataCollection.AfterTestRunEnd) -> {"MessageType":"DataCollection.AfterTestRunEnd","Payload":false}
TpTrace Information: 0 : 10024, 2, 2026/04/13, 17:03:33.080, 39619542560776, datacollector.dll, Blame Collector: Session End
TpTrace Information: 0 : 10024, 2, 2026/04/13, 17:03:33.080, 39619542561241, datacollector.dll, BlameCollector.CollectDumpAndAbortTesthost: Custom path to dump directory was provided via VSTEST_DUMP_PATH. Skipping attachment upload, the caller is responsible for collecting and uploading the dumps themselves.
TpTrace Verbose: 0 : 10024, 2, 2026/04/13, 17:03:33.080, 39619542561721, datacollector.dll, MulticastDelegateUtilities.SafeInvoke: DataCollectionEvents.SessionEnd: Invoking callback 1/1 for Microsoft.TestPlatform.Extensions.BlameDataCollector.BlameCollector., took 0 ms.
TpTrace Information: 0 : 10024, 2, 2026/04/13, 17:03:33.080, 39619542565159, datacollector.dll, DataCollectionManager.CleanupPlugins: CleanupPlugins called
TpTrace Verbose: 0 : 10024, 2, 2026/04/13, 17:03:33.080, 39619542565446, datacollector.dll, DataCollectionManager.CleanupPlugins: Cleaning up 1 plugins
TpTrace Verbose: 0 : 10024, 2, 2026/04/13, 17:03:33.080, 39619542565920, datacollector.dll, dataCollectorInfo.DisposeDataCollector: calling Dispose() on Microsoft.TestPlatform.Extensions.BlameDataCollector.BlameCollector
TpTrace Information: 0 : 10024, 2, 2026/04/13, 17:03:33.080, 39619542566318, datacollector.dll, DataCollectionManager.CleanupPlugins: CleanupPlugins finished
TpTrace Information: 0 : 10024, 2, 2026/04/13, 17:03:33.083, 39619542591844, datacollector.dll, DataCollectionRequestHandler.ProcessRequests : Session End message received from server. Closing the connection.
TpTrace Information: 0 : 10024, 2, 2026/04/13, 17:03:33.083, 39619542593273, datacollector.dll, Closing the connection !
TpTrace Information: 0 : 10024, 2, 2026/04/13, 17:03:33.083, 39619542593526, datacollector.dll, DataCollectionRequestHandler.ProcessRequests : DataCollection completed
TpTrace Information: 0 : 10024, 2, 2026/04/13, 17:03:33.083, 39619542593966, datacollector.dll, Program.Main: exiting datacollector process.
