TpTrace Verbose: 0 : 11780, 1, 2026/04/13, 17:03:31.926, 39619531022934, testhost.dll, Version: 17.8.0 Current process architecture: X64
TpTrace Verbose: 0 : 11780, 1, 2026/04/13, 17:03:31.929, 39619531056508, testhost.dll, Runtime location: C:\Program Files\dotnet\shared\Microsoft.NETCore.App\8.0.23
TpTrace Information: 0 : 11780, 1, 2026/04/13, 17:03:31.931, 39619531075738, testhost.dll, DefaultEngineInvoker.Invoke: Testhost process started with args :[--port, 64757],[--endpoint, 127.0.0.1:064757],[--role, client],[--parentprocessid, 13584],[--diag, D:\user\Desktop\QA\Back-End 2\14. Exam Preparation1\Foody\FoodyExamPrep\FoodyExamPrep\bin\Debug\net8.0\fine-code-coverage\coverage-tool-output\diagnostics.host.26-04-13_17-03-31_82055_5.log],[--tracelevel, 4],[--datacollectionport, 64756],[--telemetryoptedin, false]
TpTrace Information: 0 : 11780, 1, 2026/04/13, 17:03:31.932, 39619531080113, testhost.dll, Setting up debug trace listener.
TpTrace Verbose: 0 : 11780, 1, 2026/04/13, 17:03:31.932, 39619531081025, testhost.dll, TestPlatformTraceListener.Setup: Replacing listener System.Diagnostics.DefaultTraceListener with TestHostTraceListener.
TpTrace Verbose: 0 : 11780, 1, 2026/04/13, 17:03:31.932, 39619531081532, testhost.dll, TestPlatformTraceListener.Setup: Added test platform trace listener.
TpTrace Information: 0 : 11780, 1, 2026/04/13, 17:03:31.932, 39619531083001, testhost.dll, DefaultEngineInvoker.SetParentProcessExitCallback: Monitoring parent process with id: '13584'
TpTrace Information: 0 : 11780, 1, 2026/04/13, 17:03:31.934, 39619531104747, testhost.dll, DefaultEngineInvoker.GetConnectionInfo: Initialize communication on endpoint address: '127.0.0.1:064757'
TpTrace Information: 0 : 11780, 1, 2026/04/13, 17:03:31.942, 39619531185917, testhost.dll, SocketClient.Start: connecting to server endpoint: 127.0.0.1:064757
TpTrace Information: 0 : 11780, 9, 2026/04/13, 17:03:31.946, 39619531228689, testhost.dll, SocketClient.OnServerConnected: connected to server endpoint: 127.0.0.1:064757
TpTrace Verbose: 0 : 11780, 9, 2026/04/13, 17:03:31.948, 39619531241686, testhost.dll, MulticastDelegateUtilities.SafeInvoke: SocketClient: ServerConnected: Invoking callback 1/1 for Microsoft.VisualStudio.TestPlatform.CommunicationUtilities.TestRequestHandler., took 0 ms.
TpTrace Verbose: 0 : 11780, 9, 2026/04/13, 17:03:31.948, 39619531242298, testhost.dll, Connected to server, and starting MessageLoopAsync
TpTrace Information: 0 : 11780, 1, 2026/04/13, 17:03:31.948, 39619531246772, testhost.dll, DefaultEngineInvoker.ConnectToDatacollector: Connecting to datacollector, port: 64756
TpTrace Information: 0 : 11780, 1, 2026/04/13, 17:03:31.949, 39619531252914, testhost.dll, Trying to connect to server on socket : 127.0.0.1:64756 
TpTrace Verbose: 0 : 11780, 1, 2026/04/13, 17:03:31.949, 39619531254863, testhost.dll, SocketCommunicationManager : SetupClientAsync : Attempting to connect to the server.
TpTrace Information: 0 : 11780, 10, 2026/04/13, 17:03:31.951, 39619531278206, testhost.dll, Connected to the server successfully 
TpTrace Information: 0 : 11780, 10, 2026/04/13, 17:03:31.951, 39619531278859, testhost.dll, Using the buffer size of 16384 bytes
TpTrace Verbose: 0 : 11780, 1, 2026/04/13, 17:03:31.952, 39619531280182, testhost.dll, SocketCommunicationManager.WaitForServerConnection took: 0 ms, with 90000 ms timeout, and finished with True.
TpTrace Information: 0 : 11780, 1, 2026/04/13, 17:03:31.952, 39619531281086, testhost.dll, DefaultEngineInvoker.Invoke: Start Request Processing.
TpTrace Information: 0 : 11780, 11, 2026/04/13, 17:03:31.952, 39619531288346, testhost.dll, DefaultEngineInvoker.StartProcessingAsync: Connected to vstest.console, Starting process requests.
TpTrace Verbose: 0 : 11780, 9, 2026/04/13, 17:03:31.953, 39619531291621, testhost.dll, TcpClientExtensions.MessageLoopAsync: Polling on remoteEndPoint: [::ffff:127.0.0.1]:64757 localEndPoint: [::ffff:127.0.0.1]:64758
TpTrace Verbose: 0 : 11780, 9, 2026/04/13, 17:03:31.953, 39619531292205, testhost.dll, TcpClientExtensions.MessageLoopAsync: NotifyDataAvailable remoteEndPoint: [::ffff:127.0.0.1]:64757 localEndPoint: [::ffff:127.0.0.1]:64758
TpTrace Information: 0 : 11780, 9, 2026/04/13, 17:03:31.955, 39619531310334, testhost.dll, TestRequestHandler.OnMessageReceived: received message: (ProtocolVersion) -> {"MessageType":"ProtocolVersion","Payload":7}
TpTrace Verbose: 0 : 11780, 9, 2026/04/13, 17:03:32.027, 39619532034184, testhost.dll, TestRequestHandler.SendData: sending data from testhost: {"Version":7,"MessageType":"TestSession.Message","Payload":{"MessageLevel":0,"Message":"Logging TestHost Diagnostics in file: D:\\user\\Desktop\\QA\\Back-End 2\\14. Exam Preparation1\\Foody\\FoodyExamPrep\\FoodyExamPrep\\bin\\Debug\\net8.0\\fine-code-coverage\\coverage-tool-output\\diagnostics.host.26-04-13_17-03-31_82055_5.log"}}
TpTrace Verbose: 0 : 11780, 9, 2026/04/13, 17:03:32.027, 39619532036969, testhost.dll, MulticastDelegateUtilities.SafeInvoke: LengthPrefixCommunicationChannel: MessageReceived: Invoking callback 1/1 for Microsoft.VisualStudio.TestPlatform.CommunicationUtilities.TestRequestHandler., took 74 ms.
TpTrace Verbose: 0 : 11780, 9, 2026/04/13, 17:03:32.027, 39619532037439, testhost.dll, TcpClientExtensions.MessageLoopAsync: Polling on remoteEndPoint: [::ffff:127.0.0.1]:64757 localEndPoint: [::ffff:127.0.0.1]:64758
TpTrace Verbose: 0 : 11780, 9, 2026/04/13, 17:03:32.027, 39619532038594, testhost.dll, TcpClientExtensions.MessageLoopAsync: NotifyDataAvailable remoteEndPoint: [::ffff:127.0.0.1]:64757 localEndPoint: [::ffff:127.0.0.1]:64758
TpTrace Information: 0 : 11780, 9, 2026/04/13, 17:03:32.028, 39619532042005, testhost.dll, TestRequestHandler.OnMessageReceived: received message: (TestExecution.Initialize) -> {"Version":7,"MessageType":"TestExecution.Initialize","Payload":["D:\\user\\Desktop\\QA\\Back-End 2\\14. Exam Preparation1\\Foody\\FoodyExamPrep\\FoodyExamPrep\\bin\\Debug\\net8.0\\fine-code-coverage\\build-output\\NUnit3.TestAdapter.dll"]}
TpTrace Verbose: 0 : 11780, 9, 2026/04/13, 17:03:32.036, 39619532128983, testhost.dll, MulticastDelegateUtilities.SafeInvoke: LengthPrefixCommunicationChannel: MessageReceived: Invoking callback 1/1 for Microsoft.VisualStudio.TestPlatform.CommunicationUtilities.TestRequestHandler., took 8 ms.
TpTrace Verbose: 0 : 11780, 9, 2026/04/13, 17:03:32.037, 39619532130274, testhost.dll, TcpClientExtensions.MessageLoopAsync: Polling on remoteEndPoint: [::ffff:127.0.0.1]:64757 localEndPoint: [::ffff:127.0.0.1]:64758
TpTrace Information: 0 : 11780, 4, 2026/04/13, 17:03:32.037, 39619532133447, testhost.dll, TestRequestHandler.OnMessageReceived: Running job 'TestExecution.Initialize'.
TpTrace Verbose: 0 : 11780, 9, 2026/04/13, 17:03:32.038, 39619532141601, testhost.dll, TcpClientExtensions.MessageLoopAsync: NotifyDataAvailable remoteEndPoint: [::ffff:127.0.0.1]:64757 localEndPoint: [::ffff:127.0.0.1]:64758
TpTrace Information: 0 : 11780, 9, 2026/04/13, 17:03:32.038, 39619532142955, testhost.dll, TestRequestHandler.OnMessageReceived: received message: (TestExecution.StartWithSources) -> {"Version":7,"MessageType":"TestExecution.StartWithSources","Payload":{"AdapterSourceMap":{"_none_":["D:\\user\\Desktop\\QA\\Back-End 2\\14. Exam Preparation1\\Foody\\FoodyExamPrep\\FoodyExamPrep\\bin\\Debug\\net8.0\\fine-code-coverage\\build-output\\FoodyExamPrep.dll"]},"RunSettings":"<RunSettings>\r\n  <RunConfiguration>\r\n    <ResultsDirectory>D:\\user\\Desktop\\QA\\Back-End 2\\14. Exam Preparation1\\Foody\\FoodyExamPrep\\FoodyExamPrep\\bin\\Debug\\net8.0\\fine-code-coverage\\coverage-tool-output</ResultsDirectory>\r\n    <TargetFrameworkVersion>.NETCoreApp,Version=v8.0</TargetFrameworkVersion>\r\n    <DesignMode>False</DesignMode>\r\n    <CollectSourceInformation>False</CollectSourceInformation>\r\n  </RunConfiguration>\r\n  <LoggerRunSettings>\r\n    <Loggers>\r\n      <Logger friendlyName=\"blame\" enabled=\"True\" />\r\n      <Logger friendlyName=\"Console\" uri=\"logger://microsoft/TestPlatform/ConsoleLogger/v1\" assemblyQualifiedName=\"Microsoft.VisualStudio.TestPlatform.CommandLine.Internal.ConsoleLogger, vstest.console, Version=15.0.0.0, Culture=neutral, PublicKeyToken=b03f5f7f11d50a3a\" codeBase=\"C:\\Program Files\\dotnet\\sdk\\9.0.309\\vstest.console.dll\" enabled=\"True\" />\r\n    </Loggers>\r\n  </LoggerRunSettings>\r\n  <DataCollectionRunSettings>\r\n    <DataCollectors>\r\n      <DataCollector friendlyName=\"blame\" enabled=\"True\">\r\n        <Configuration>\r\n          <ResultsDirectory>D:\\user\\Desktop\\QA\\Back-End 2\\14. Exam Preparation1\\Foody\\FoodyExamPrep\\FoodyExamPrep\\bin\\Debug\\net8.0\\fine-code-coverage\\coverage-tool-output</ResultsDirectory>\r\n        </Configuration>\r\n      </DataCollector>\r\n    </DataCollectors>\r\n  </DataCollectionRunSettings>\r\n</RunSettings>","TestExecutionContext":{"FrequencyOfRunStatsChangeEvent":10,"RunStatsChangeEventTimeout":"00:00:01.5000000","InIsolation":false,"KeepAlive":false,"AreTestCaseLevelEventsRequired":false,"IsDebug":false,"TestCaseFilter":null,"FilterOptions":null},"Package":null}}
TpTrace Verbose: 0 : 11780, 4, 2026/04/13, 17:03:32.038, 39619532148977, testhost.dll, TestExecutorService: Loading the extensions
TpTrace Verbose: 0 : 11780, 4, 2026/04/13, 17:03:32.039, 39619532158764, testhost.dll, TestPluginCache.DiscoverTestExtensions: finding test extensions in assemblies ends with: TestAdapter.dll TPluginInfo: Microsoft.VisualStudio.TestPlatform.Common.ExtensionFramework.Utilities.TestExecutorPluginInformation TExtension: Microsoft.VisualStudio.TestPlatform.ObjectModel.Adapter.ITestExecutor
TpTrace Verbose: 0 : 11780, 4, 2026/04/13, 17:03:32.040, 39619532167084, testhost.dll, TestPluginCache.GetExtensionPaths: Filtered extension paths: 
TpTrace Verbose: 0 : 11780, 4, 2026/04/13, 17:03:32.041, 39619532169784, testhost.dll, TestPluginCache.GetExtensionPaths: Added default extension paths: D:\user\Desktop\QA\Back-End 2\14. Exam Preparation1\Foody\FoodyExamPrep\FoodyExamPrep\bin\Debug\net8.0\fine-code-coverage\build-output\NUnit3.TestAdapter.dll
TpTrace Verbose: 0 : 11780, 4, 2026/04/13, 17:03:32.041, 39619532170127, testhost.dll, TestPluginCache.GetExtensionPaths: Added unfilterableExtensionPaths: 
TpTrace Information: 0 : 11780, 4, 2026/04/13, 17:03:32.042, 39619532179123, testhost.dll, AssemblyResolver.ctor: Creating AssemblyResolver with searchDirectories D:\user\Desktop\QA\Back-End 2\14. Exam Preparation1\Foody\FoodyExamPrep\FoodyExamPrep\bin\Debug\net8.0\fine-code-coverage\build-output
TpTrace Verbose: 0 : 11780, 4, 2026/04/13, 17:03:32.042, 39619532186156, testhost.dll, TestPluginCache.DiscoverTestExtensions: Discovering the extensions using extension path.
TpTrace Verbose: 0 : 11780, 4, 2026/04/13, 17:03:32.042, 39619532187031, testhost.dll, TestPluginCache.GetExtensionPaths: Filtered extension paths: 
TpTrace Verbose: 0 : 11780, 4, 2026/04/13, 17:03:32.042, 39619532187296, testhost.dll, TestPluginCache.GetExtensionPaths: Added default extension paths: D:\user\Desktop\QA\Back-End 2\14. Exam Preparation1\Foody\FoodyExamPrep\FoodyExamPrep\bin\Debug\net8.0\fine-code-coverage\build-output\NUnit3.TestAdapter.dll
TpTrace Verbose: 0 : 11780, 4, 2026/04/13, 17:03:32.042, 39619532187452, testhost.dll, TestPluginCache.GetExtensionPaths: Added unfilterableExtensionPaths: 
TpTrace Verbose: 0 : 11780, 4, 2026/04/13, 17:03:32.042, 39619532187808, testhost.dll, TestPluginCache.DiscoverTestExtensions: Discovering the extensions using allExtensionPaths: D:\user\Desktop\QA\Back-End 2\14. Exam Preparation1\Foody\FoodyExamPrep\FoodyExamPrep\bin\Debug\net8.0\fine-code-coverage\build-output\NUnit3.TestAdapter.dll
TpTrace Information: 0 : 11780, 4, 2026/04/13, 17:03:32.043, 39619532191940, testhost.dll, AssemblyResolver.AddSearchDirectories: Adding more searchDirectories D:\user\Desktop\QA\Back-End 2\14. Exam Preparation1\Foody\FoodyExamPrep\FoodyExamPrep\bin\Debug\net8.0\fine-code-coverage\build-output
TpTrace Information: 0 : 11780, 4, 2026/04/13, 17:03:32.045, 39619532210470, testhost.dll, AssemblyResolver.OnResolve: NUnit3.TestAdapter: Resolving assembly.
TpTrace Information: 0 : 11780, 4, 2026/04/13, 17:03:32.045, 39619532212162, testhost.dll, AssemblyResolver.OnResolve: NUnit3.TestAdapter: Searching in: 'D:\user\Desktop\QA\Back-End 2\14. Exam Preparation1\Foody\FoodyExamPrep\FoodyExamPrep\bin\Debug\net8.0\fine-code-coverage\build-output'.
TpTrace Information: 0 : 11780, 4, 2026/04/13, 17:03:32.052, 39619532280335, testhost.dll, AssemblyResolver.OnResolve: NUnit3.TestAdapter: Loading assembly 'D:\user\Desktop\QA\Back-End 2\14. Exam Preparation1\Foody\FoodyExamPrep\FoodyExamPrep\bin\Debug\net8.0\fine-code-coverage\build-output\NUnit3.TestAdapter.dll'.
TpTrace Information: 0 : 11780, 4, 2026/04/13, 17:03:32.052, 39619532288045, testhost.dll, AssemblyResolver.OnResolve: Resolved assembly: NUnit3.TestAdapter, from path: D:\user\Desktop\QA\Back-End 2\14. Exam Preparation1\Foody\FoodyExamPrep\FoodyExamPrep\bin\Debug\net8.0\fine-code-coverage\build-output\NUnit3.TestAdapter.dll
TpTrace Verbose: 0 : 11780, 9, 2026/04/13, 17:03:32.060, 39619532359086, testhost.dll, MulticastDelegateUtilities.SafeInvoke: LengthPrefixCommunicationChannel: MessageReceived: Invoking callback 1/1 for Microsoft.VisualStudio.TestPlatform.CommunicationUtilities.TestRequestHandler., took 21 ms.
TpTrace Verbose: 0 : 11780, 9, 2026/04/13, 17:03:32.060, 39619532360378, testhost.dll, TcpClientExtensions.MessageLoopAsync: Polling on remoteEndPoint: [::ffff:127.0.0.1]:64757 localEndPoint: [::ffff:127.0.0.1]:64758
TpTrace Verbose: 0 : 11780, 4, 2026/04/13, 17:03:32.067, 39619532435276, testhost.dll, MetadataReaderExtensionsHelper: Discovering extensions inside assembly 'NUnit3.TestAdapter, Version=4.5.0.0, Culture=neutral, PublicKeyToken=4cb40d35494691ac' file path 'D:\user\Desktop\QA\Back-End 2\14. Exam Preparation1\Foody\FoodyExamPrep\FoodyExamPrep\bin\Debug\net8.0\fine-code-coverage\build-output\NUnit3.TestAdapter.dll'
TpTrace Information: 0 : 11780, 4, 2026/04/13, 17:03:32.069, 39619532452271, testhost.dll, AssemblyResolver.OnResolve: nunit.engine.api: Resolving assembly.
TpTrace Information: 0 : 11780, 4, 2026/04/13, 17:03:32.069, 39619532453194, testhost.dll, AssemblyResolver.OnResolve: nunit.engine.api: Searching in: 'D:\user\Desktop\QA\Back-End 2\14. Exam Preparation1\Foody\FoodyExamPrep\FoodyExamPrep\bin\Debug\net8.0\fine-code-coverage\build-output'.
TpTrace Information: 0 : 11780, 4, 2026/04/13, 17:03:32.069, 39619532455114, testhost.dll, AssemblyResolver.OnResolve: nunit.engine.api: Loading assembly 'D:\user\Desktop\QA\Back-End 2\14. Exam Preparation1\Foody\FoodyExamPrep\FoodyExamPrep\bin\Debug\net8.0\fine-code-coverage\build-output\nunit.engine.api.dll'.
TpTrace Information: 0 : 11780, 4, 2026/04/13, 17:03:32.069, 39619532456988, testhost.dll, AssemblyResolver.OnResolve: Resolved assembly: nunit.engine.api, from path: D:\user\Desktop\QA\Back-End 2\14. Exam Preparation1\Foody\FoodyExamPrep\FoodyExamPrep\bin\Debug\net8.0\fine-code-coverage\build-output\nunit.engine.api.dll
TpTrace Information: 0 : 11780, 4, 2026/04/13, 17:03:32.071, 39619532477862, testhost.dll, GetTestExtensionFromType: Register extension with identifier data 'executor://NUnit3TestExecutor' and type 'NUnit.VisualStudio.TestAdapter.NUnit3TestExecutor, NUnit3.TestAdapter, Version=4.5.0.0, Culture=neutral, PublicKeyToken=4cb40d35494691ac' inside file 'D:\user\Desktop\QA\Back-End 2\14. Exam Preparation1\Foody\FoodyExamPrep\FoodyExamPrep\bin\Debug\net8.0\fine-code-coverage\build-output\NUnit3.TestAdapter.dll'
TpTrace Verbose: 0 : 11780, 4, 2026/04/13, 17:03:32.072, 39619532488701, testhost.dll, TestPluginCache: Discovered the extensions using extension path ''.
TpTrace Verbose: 0 : 11780, 4, 2026/04/13, 17:03:32.073, 39619532492100, testhost.dll, TestPluginCache: Discoverers are ''.
TpTrace Verbose: 0 : 11780, 4, 2026/04/13, 17:03:32.073, 39619532492759, testhost.dll, TestPluginCache: Executors are 'executor://NUnit3TestExecutor'.
TpTrace Verbose: 0 : 11780, 4, 2026/04/13, 17:03:32.073, 39619532493424, testhost.dll, TestPluginCache: Executors2 are ''.
TpTrace Verbose: 0 : 11780, 4, 2026/04/13, 17:03:32.073, 39619532494095, testhost.dll, TestPluginCache: Setting providers are ''.
TpTrace Verbose: 0 : 11780, 4, 2026/04/13, 17:03:32.073, 39619532494666, testhost.dll, TestPluginCache: Loggers are ''.
TpTrace Verbose: 0 : 11780, 4, 2026/04/13, 17:03:32.073, 39619532495213, testhost.dll, TestPluginCache: TestHosts are ''.
TpTrace Verbose: 0 : 11780, 4, 2026/04/13, 17:03:32.073, 39619532495725, testhost.dll, TestPluginCache: DataCollectors are ''.
TpTrace Verbose: 0 : 11780, 4, 2026/04/13, 17:03:32.075, 39619532510412, testhost.dll, TestPluginCache.DiscoverTestExtensions: finding test extensions in assemblies ends with: TestAdapter.dll TPluginInfo: Microsoft.VisualStudio.TestPlatform.Common.ExtensionFramework.Utilities.TestExecutorPluginInformation2 TExtension: Microsoft.VisualStudio.TestPlatform.ObjectModel.Adapter.ITestExecutor2
TpTrace Verbose: 0 : 11780, 4, 2026/04/13, 17:03:32.075, 39619532512217, testhost.dll, TestPluginCache.GetExtensionPaths: Filtered extension paths: 
TpTrace Verbose: 0 : 11780, 4, 2026/04/13, 17:03:32.075, 39619532512529, testhost.dll, TestPluginCache.GetExtensionPaths: Added default extension paths: D:\user\Desktop\QA\Back-End 2\14. Exam Preparation1\Foody\FoodyExamPrep\FoodyExamPrep\bin\Debug\net8.0\fine-code-coverage\build-output\NUnit3.TestAdapter.dll
TpTrace Verbose: 0 : 11780, 4, 2026/04/13, 17:03:32.075, 39619532512678, testhost.dll, TestPluginCache.GetExtensionPaths: Added unfilterableExtensionPaths: 
TpTrace Information: 0 : 11780, 4, 2026/04/13, 17:03:32.075, 39619532513886, testhost.dll, AssemblyResolver.AddSearchDirectories: Adding more searchDirectories D:\user\Desktop\QA\Back-End 2\14. Exam Preparation1\Foody\FoodyExamPrep\FoodyExamPrep\bin\Debug\net8.0\fine-code-coverage\build-output
TpTrace Verbose: 0 : 11780, 4, 2026/04/13, 17:03:32.075, 39619532514161, testhost.dll, TestPluginCache.DiscoverTestExtensions: Discovering the extensions using extension path.
TpTrace Verbose: 0 : 11780, 4, 2026/04/13, 17:03:32.075, 39619532514321, testhost.dll, TestPluginCache.GetExtensionPaths: Filtered extension paths: 
TpTrace Verbose: 0 : 11780, 4, 2026/04/13, 17:03:32.075, 39619532514472, testhost.dll, TestPluginCache.GetExtensionPaths: Added default extension paths: D:\user\Desktop\QA\Back-End 2\14. Exam Preparation1\Foody\FoodyExamPrep\FoodyExamPrep\bin\Debug\net8.0\fine-code-coverage\build-output\NUnit3.TestAdapter.dll
TpTrace Verbose: 0 : 11780, 4, 2026/04/13, 17:03:32.075, 39619532514606, testhost.dll, TestPluginCache.GetExtensionPaths: Added unfilterableExtensionPaths: 
TpTrace Verbose: 0 : 11780, 4, 2026/04/13, 17:03:32.075, 39619532514784, testhost.dll, TestPluginCache.DiscoverTestExtensions: Discovering the extensions using allExtensionPaths: D:\user\Desktop\QA\Back-End 2\14. Exam Preparation1\Foody\FoodyExamPrep\FoodyExamPrep\bin\Debug\net8.0\fine-code-coverage\build-output\NUnit3.TestAdapter.dll
TpTrace Information: 0 : 11780, 4, 2026/04/13, 17:03:32.075, 39619532515006, testhost.dll, AssemblyResolver.AddSearchDirectories: Adding more searchDirectories D:\user\Desktop\QA\Back-End 2\14. Exam Preparation1\Foody\FoodyExamPrep\FoodyExamPrep\bin\Debug\net8.0\fine-code-coverage\build-output
TpTrace Verbose: 0 : 11780, 4, 2026/04/13, 17:03:32.075, 39619532515421, testhost.dll, MetadataReaderExtensionsHelper: Discovering extensions inside assembly 'NUnit3.TestAdapter, Version=4.5.0.0, Culture=neutral, PublicKeyToken=4cb40d35494691ac' file path 'D:\user\Desktop\QA\Back-End 2\14. Exam Preparation1\Foody\FoodyExamPrep\FoodyExamPrep\bin\Debug\net8.0\fine-code-coverage\build-output\NUnit3.TestAdapter.dll'
TpTrace Verbose: 0 : 11780, 4, 2026/04/13, 17:03:32.076, 39619532521875, testhost.dll, TestPluginCache: Discovered the extensions using extension path ''.
TpTrace Verbose: 0 : 11780, 4, 2026/04/13, 17:03:32.076, 39619532522320, testhost.dll, TestPluginCache: Discoverers are ''.
TpTrace Verbose: 0 : 11780, 4, 2026/04/13, 17:03:32.076, 39619532522577, testhost.dll, TestPluginCache: Executors are 'executor://NUnit3TestExecutor'.
TpTrace Verbose: 0 : 11780, 4, 2026/04/13, 17:03:32.076, 39619532522928, testhost.dll, TestPluginCache: Executors2 are ''.
TpTrace Verbose: 0 : 11780, 4, 2026/04/13, 17:03:32.076, 39619532523078, testhost.dll, TestPluginCache: Setting providers are ''.
TpTrace Verbose: 0 : 11780, 4, 2026/04/13, 17:03:32.076, 39619532523245, testhost.dll, TestPluginCache: Loggers are ''.
TpTrace Verbose: 0 : 11780, 4, 2026/04/13, 17:03:32.076, 39619532523387, testhost.dll, TestPluginCache: TestHosts are ''.
TpTrace Verbose: 0 : 11780, 4, 2026/04/13, 17:03:32.076, 39619532523545, testhost.dll, TestPluginCache: DataCollectors are ''.
TpTrace Information: 0 : 11780, 4, 2026/04/13, 17:03:32.081, 39619532573113, testhost.dll, TestPluginManager.CreateTestExtension: Attempting to load test extension: NUnit.VisualStudio.TestAdapter.NUnit3TestExecutor
TpTrace Verbose: 0 : 11780, 4, 2026/04/13, 17:03:32.082, 39619532588146, testhost.dll, TestExecutorExtensionManager: Loading executor Microsoft.VisualStudio.TestPlatform.Common.ExtensionDecorators.SerialTestRunDecorator
TpTrace Verbose: 0 : 11780, 4, 2026/04/13, 17:03:32.083, 39619532589450, testhost.dll, TestExecutorService: Loaded the executors
TpTrace Verbose: 0 : 11780, 4, 2026/04/13, 17:03:32.083, 39619532595033, testhost.dll, TestPluginCache.DiscoverTestExtensions: finding test extensions in assemblies ends with: TestAdapter.dll TPluginInfo: Microsoft.VisualStudio.TestPlatform.Common.ExtensionFramework.Utilities.TestSettingsProviderPluginInformation TExtension: Microsoft.VisualStudio.TestPlatform.ObjectModel.Adapter.ISettingsProvider
TpTrace Verbose: 0 : 11780, 4, 2026/04/13, 17:03:32.083, 39619532595948, testhost.dll, TestPluginCache.GetExtensionPaths: Filtered extension paths: 
TpTrace Verbose: 0 : 11780, 4, 2026/04/13, 17:03:32.083, 39619532596231, testhost.dll, TestPluginCache.GetExtensionPaths: Added default extension paths: D:\user\Desktop\QA\Back-End 2\14. Exam Preparation1\Foody\FoodyExamPrep\FoodyExamPrep\bin\Debug\net8.0\fine-code-coverage\build-output\NUnit3.TestAdapter.dll
TpTrace Verbose: 0 : 11780, 4, 2026/04/13, 17:03:32.083, 39619532596431, testhost.dll, TestPluginCache.GetExtensionPaths: Added unfilterableExtensionPaths: 
TpTrace Information: 0 : 11780, 4, 2026/04/13, 17:03:32.083, 39619532597436, testhost.dll, AssemblyResolver.AddSearchDirectories: Adding more searchDirectories D:\user\Desktop\QA\Back-End 2\14. Exam Preparation1\Foody\FoodyExamPrep\FoodyExamPrep\bin\Debug\net8.0\fine-code-coverage\build-output
TpTrace Verbose: 0 : 11780, 4, 2026/04/13, 17:03:32.083, 39619532597743, testhost.dll, TestPluginCache.DiscoverTestExtensions: Discovering the extensions using extension path.
TpTrace Verbose: 0 : 11780, 4, 2026/04/13, 17:03:32.083, 39619532598012, testhost.dll, TestPluginCache.GetExtensionPaths: Filtered extension paths: 
TpTrace Verbose: 0 : 11780, 4, 2026/04/13, 17:03:32.083, 39619532598153, testhost.dll, TestPluginCache.GetExtensionPaths: Added default extension paths: D:\user\Desktop\QA\Back-End 2\14. Exam Preparation1\Foody\FoodyExamPrep\FoodyExamPrep\bin\Debug\net8.0\fine-code-coverage\build-output\NUnit3.TestAdapter.dll
TpTrace Verbose: 0 : 11780, 4, 2026/04/13, 17:03:32.083, 39619532598291, testhost.dll, TestPluginCache.GetExtensionPaths: Added unfilterableExtensionPaths: 
TpTrace Verbose: 0 : 11780, 4, 2026/04/13, 17:03:32.083, 39619532598442, testhost.dll, TestPluginCache.DiscoverTestExtensions: Discovering the extensions using allExtensionPaths: D:\user\Desktop\QA\Back-End 2\14. Exam Preparation1\Foody\FoodyExamPrep\FoodyExamPrep\bin\Debug\net8.0\fine-code-coverage\build-output\NUnit3.TestAdapter.dll
TpTrace Information: 0 : 11780, 4, 2026/04/13, 17:03:32.083, 39619532598766, testhost.dll, AssemblyResolver.AddSearchDirectories: Adding more searchDirectories D:\user\Desktop\QA\Back-End 2\14. Exam Preparation1\Foody\FoodyExamPrep\FoodyExamPrep\bin\Debug\net8.0\fine-code-coverage\build-output
TpTrace Verbose: 0 : 11780, 4, 2026/04/13, 17:03:32.084, 39619532599347, testhost.dll, MetadataReaderExtensionsHelper: Discovering extensions inside assembly 'NUnit3.TestAdapter, Version=4.5.0.0, Culture=neutral, PublicKeyToken=4cb40d35494691ac' file path 'D:\user\Desktop\QA\Back-End 2\14. Exam Preparation1\Foody\FoodyExamPrep\FoodyExamPrep\bin\Debug\net8.0\fine-code-coverage\build-output\NUnit3.TestAdapter.dll'
TpTrace Verbose: 0 : 11780, 4, 2026/04/13, 17:03:32.084, 39619532606693, testhost.dll, TestPluginCache: Discovered the extensions using extension path ''.
TpTrace Verbose: 0 : 11780, 4, 2026/04/13, 17:03:32.084, 39619532607257, testhost.dll, TestPluginCache: Discoverers are ''.
TpTrace Verbose: 0 : 11780, 4, 2026/04/13, 17:03:32.084, 39619532607438, testhost.dll, TestPluginCache: Executors are 'executor://NUnit3TestExecutor'.
TpTrace Verbose: 0 : 11780, 4, 2026/04/13, 17:03:32.084, 39619532607617, testhost.dll, TestPluginCache: Executors2 are ''.
TpTrace Verbose: 0 : 11780, 4, 2026/04/13, 17:03:32.084, 39619532607884, testhost.dll, TestPluginCache: Setting providers are ''.
TpTrace Verbose: 0 : 11780, 4, 2026/04/13, 17:03:32.084, 39619532608020, testhost.dll, TestPluginCache: Loggers are ''.
TpTrace Verbose: 0 : 11780, 4, 2026/04/13, 17:03:32.084, 39619532608148, testhost.dll, TestPluginCache: TestHosts are ''.
TpTrace Verbose: 0 : 11780, 4, 2026/04/13, 17:03:32.084, 39619532608275, testhost.dll, TestPluginCache: DataCollectors are ''.
TpTrace Verbose: 0 : 11780, 4, 2026/04/13, 17:03:32.085, 39619532612434, testhost.dll, TestExecutorService: Loaded the settings providers
TpTrace Information: 0 : 11780, 4, 2026/04/13, 17:03:32.085, 39619532612785, testhost.dll, TestExecutorService: Loaded the extensions
TpTrace Information: 0 : 11780, 4, 2026/04/13, 17:03:32.085, 39619532615543, testhost.dll, TestRequestHandler.OnMessageReceived: Running job 'TestExecution.StartWithSources'.
TpTrace Verbose: 0 : 11780, 4, 2026/04/13, 17:03:32.121, 39619532974983, testhost.dll, MulticastDelegateUtilities.SafeInvoke: TestCaseEventsHandler.RaiseSessionStart: Invoking callbacks was skipped because there are no subscribers.
TpTrace Information: 0 : 11780, 4, 2026/04/13, 17:03:32.122, 39619532988044, testhost.dll, TestDiscoveryManager: Discovering tests from sources D:\user\Desktop\QA\Back-End 2\14. Exam Preparation1\Foody\FoodyExamPrep\FoodyExamPrep\bin\Debug\net8.0\fine-code-coverage\build-output\FoodyExamPrep.dll
TpTrace Verbose: 0 : 11780, 4, 2026/04/13, 17:03:32.123, 39619532998550, testhost.dll, TestPluginCache.DiscoverTestExtensions: finding test extensions in assemblies ends with: TestAdapter.dll TPluginInfo: Microsoft.VisualStudio.TestPlatform.Common.ExtensionFramework.Utilities.TestDiscovererPluginInformation TExtension: Microsoft.VisualStudio.TestPlatform.ObjectModel.Adapter.ITestDiscoverer
TpTrace Verbose: 0 : 11780, 4, 2026/04/13, 17:03:32.124, 39619532999484, testhost.dll, TestPluginCache.GetExtensionPaths: Filtered extension paths: 
TpTrace Verbose: 0 : 11780, 4, 2026/04/13, 17:03:32.124, 39619532999684, testhost.dll, TestPluginCache.GetExtensionPaths: Added default extension paths: D:\user\Desktop\QA\Back-End 2\14. Exam Preparation1\Foody\FoodyExamPrep\FoodyExamPrep\bin\Debug\net8.0\fine-code-coverage\build-output\NUnit3.TestAdapter.dll
TpTrace Verbose: 0 : 11780, 4, 2026/04/13, 17:03:32.124, 39619532999815, testhost.dll, TestPluginCache.GetExtensionPaths: Added unfilterableExtensionPaths: 
TpTrace Information: 0 : 11780, 4, 2026/04/13, 17:03:32.124, 39619533000633, testhost.dll, AssemblyResolver.AddSearchDirectories: Adding more searchDirectories D:\user\Desktop\QA\Back-End 2\14. Exam Preparation1\Foody\FoodyExamPrep\FoodyExamPrep\bin\Debug\net8.0\fine-code-coverage\build-output
TpTrace Verbose: 0 : 11780, 4, 2026/04/13, 17:03:32.124, 39619533000854, testhost.dll, TestPluginCache.DiscoverTestExtensions: Discovering the extensions using extension path.
TpTrace Verbose: 0 : 11780, 4, 2026/04/13, 17:03:32.124, 39619533000990, testhost.dll, TestPluginCache.GetExtensionPaths: Filtered extension paths: 
TpTrace Verbose: 0 : 11780, 4, 2026/04/13, 17:03:32.124, 39619533001109, testhost.dll, TestPluginCache.GetExtensionPaths: Added default extension paths: D:\user\Desktop\QA\Back-End 2\14. Exam Preparation1\Foody\FoodyExamPrep\FoodyExamPrep\bin\Debug\net8.0\fine-code-coverage\build-output\NUnit3.TestAdapter.dll
TpTrace Verbose: 0 : 11780, 4, 2026/04/13, 17:03:32.124, 39619533001229, testhost.dll, TestPluginCache.GetExtensionPaths: Added unfilterableExtensionPaths: 
TpTrace Verbose: 0 : 11780, 4, 2026/04/13, 17:03:32.124, 39619533001439, testhost.dll, TestPluginCache.DiscoverTestExtensions: Discovering the extensions using allExtensionPaths: D:\user\Desktop\QA\Back-End 2\14. Exam Preparation1\Foody\FoodyExamPrep\FoodyExamPrep\bin\Debug\net8.0\fine-code-coverage\build-output\NUnit3.TestAdapter.dll
TpTrace Information: 0 : 11780, 4, 2026/04/13, 17:03:32.124, 39619533001655, testhost.dll, AssemblyResolver.AddSearchDirectories: Adding more searchDirectories D:\user\Desktop\QA\Back-End 2\14. Exam Preparation1\Foody\FoodyExamPrep\FoodyExamPrep\bin\Debug\net8.0\fine-code-coverage\build-output
TpTrace Verbose: 0 : 11780, 4, 2026/04/13, 17:03:32.124, 39619533002148, testhost.dll, MetadataReaderExtensionsHelper: Discovering extensions inside assembly 'NUnit3.TestAdapter, Version=4.5.0.0, Culture=neutral, PublicKeyToken=4cb40d35494691ac' file path 'D:\user\Desktop\QA\Back-End 2\14. Exam Preparation1\Foody\FoodyExamPrep\FoodyExamPrep\bin\Debug\net8.0\fine-code-coverage\build-output\NUnit3.TestAdapter.dll'
TpTrace Information: 0 : 11780, 4, 2026/04/13, 17:03:32.127, 39619533033158, testhost.dll, GetTestExtensionFromType: Register extension with identifier data 'NUnit.VisualStudio.TestAdapter.NUnit3TestDiscoverer, NUnit3.TestAdapter, Version=4.5.0.0, Culture=neutral, PublicKeyToken=4cb40d35494691ac' and type 'NUnit.VisualStudio.TestAdapter.NUnit3TestDiscoverer, NUnit3.TestAdapter, Version=4.5.0.0, Culture=neutral, PublicKeyToken=4cb40d35494691ac' inside file 'D:\user\Desktop\QA\Back-End 2\14. Exam Preparation1\Foody\FoodyExamPrep\FoodyExamPrep\bin\Debug\net8.0\fine-code-coverage\build-output\NUnit3.TestAdapter.dll'
TpTrace Verbose: 0 : 11780, 4, 2026/04/13, 17:03:32.127, 39619533034492, testhost.dll, TestPluginCache: Discovered the extensions using extension path ''.
TpTrace Verbose: 0 : 11780, 4, 2026/04/13, 17:03:32.127, 39619533034849, testhost.dll, TestPluginCache: Discoverers are 'NUnit.VisualStudio.TestAdapter.NUnit3TestDiscoverer, NUnit3.TestAdapter, Version=4.5.0.0, Culture=neutral, PublicKeyToken=4cb40d35494691ac'.
TpTrace Verbose: 0 : 11780, 4, 2026/04/13, 17:03:32.127, 39619533034994, testhost.dll, TestPluginCache: Executors are 'executor://NUnit3TestExecutor'.
TpTrace Verbose: 0 : 11780, 4, 2026/04/13, 17:03:32.127, 39619533035130, testhost.dll, TestPluginCache: Executors2 are ''.
TpTrace Verbose: 0 : 11780, 4, 2026/04/13, 17:03:32.127, 39619533035278, testhost.dll, TestPluginCache: Setting providers are ''.
TpTrace Verbose: 0 : 11780, 4, 2026/04/13, 17:03:32.127, 39619533035393, testhost.dll, TestPluginCache: Loggers are ''.
TpTrace Verbose: 0 : 11780, 4, 2026/04/13, 17:03:32.127, 39619533035506, testhost.dll, TestPluginCache: TestHosts are ''.
TpTrace Verbose: 0 : 11780, 4, 2026/04/13, 17:03:32.127, 39619533035627, testhost.dll, TestPluginCache: DataCollectors are ''.
TpTrace Information: 0 : 11780, 4, 2026/04/13, 17:03:32.129, 39619533057757, testhost.dll, PEReaderHelper.GetAssemblyType: Determined assemblyType:'Managed' for source: 'D:\user\Desktop\QA\Back-End 2\14. Exam Preparation1\Foody\FoodyExamPrep\FoodyExamPrep\bin\Debug\net8.0\fine-code-coverage\build-output\FoodyExamPrep.dll'
TpTrace Verbose: 0 : 11780, 4, 2026/04/13, 17:03:32.133, 39619533095160, testhost.dll, BaseRunTests.RunTestInternalWithExecutors: Running tests for executor://NUnit3TestExecutor
TpTrace Information: 0 : 11780, 4, 2026/04/13, 17:03:32.137, 39619533129761, testhost.dll, AssemblyResolver.OnResolve: nunit.engine: Resolving assembly.
TpTrace Information: 0 : 11780, 4, 2026/04/13, 17:03:32.137, 39619533130851, testhost.dll, AssemblyResolver.OnResolve: nunit.engine: Searching in: 'D:\user\Desktop\QA\Back-End 2\14. Exam Preparation1\Foody\FoodyExamPrep\FoodyExamPrep\bin\Debug\net8.0\fine-code-coverage\build-output'.
TpTrace Information: 0 : 11780, 4, 2026/04/13, 17:03:32.137, 39619533132720, testhost.dll, AssemblyResolver.OnResolve: nunit.engine: Loading assembly 'D:\user\Desktop\QA\Back-End 2\14. Exam Preparation1\Foody\FoodyExamPrep\FoodyExamPrep\bin\Debug\net8.0\fine-code-coverage\build-output\nunit.engine.dll'.
TpTrace Information: 0 : 11780, 4, 2026/04/13, 17:03:32.137, 39619533135130, testhost.dll, AssemblyResolver.OnResolve: Resolved assembly: nunit.engine, from path: D:\user\Desktop\QA\Back-End 2\14. Exam Preparation1\Foody\FoodyExamPrep\FoodyExamPrep\bin\Debug\net8.0\fine-code-coverage\build-output\nunit.engine.dll
TpTrace Information: 0 : 11780, 4, 2026/04/13, 17:03:32.137, 39619533135699, testhost.dll, AssemblyResolver.OnResolve: nunit.engine.core: Resolving assembly.
TpTrace Information: 0 : 11780, 4, 2026/04/13, 17:03:32.137, 39619533135926, testhost.dll, AssemblyResolver.OnResolve: nunit.engine.core: Searching in: 'D:\user\Desktop\QA\Back-End 2\14. Exam Preparation1\Foody\FoodyExamPrep\FoodyExamPrep\bin\Debug\net8.0\fine-code-coverage\build-output'.
TpTrace Information: 0 : 11780, 4, 2026/04/13, 17:03:32.137, 39619533137152, testhost.dll, AssemblyResolver.OnResolve: nunit.engine.core: Loading assembly 'D:\user\Desktop\QA\Back-End 2\14. Exam Preparation1\Foody\FoodyExamPrep\FoodyExamPrep\bin\Debug\net8.0\fine-code-coverage\build-output\nunit.engine.core.dll'.
TpTrace Information: 0 : 11780, 4, 2026/04/13, 17:03:32.137, 39619533138888, testhost.dll, AssemblyResolver.OnResolve: Resolved assembly: nunit.engine.core, from path: D:\user\Desktop\QA\Back-End 2\14. Exam Preparation1\Foody\FoodyExamPrep\FoodyExamPrep\bin\Debug\net8.0\fine-code-coverage\build-output\nunit.engine.core.dll
TpTrace Information: 0 : 11780, 4, 2026/04/13, 17:03:32.146, 39619533225223, testhost.dll, NUnit Adapter 4.5.0.0: Test execution started
TpTrace Verbose: 0 : 11780, 4, 2026/04/13, 17:03:32.146, 39619533227369, testhost.dll, TestRequestHandler.SendData: sending data from testhost: {"Version":7,"MessageType":"TestSession.Message","Payload":{"MessageLevel":0,"Message":"NUnit Adapter 4.5.0.0: Test execution started"}}
TpTrace Verbose: 0 : 11780, 4, 2026/04/13, 17:03:32.147, 39619533229047, testhost.dll, MulticastDelegateUtilities.SafeInvoke: TestRunMessageLoggerProxy.SendMessage: Invoking callback 1/1 for Microsoft.VisualStudio.TestPlatform.CrossPlatEngine.Execution.RunTestsWithSources., took 0 ms.
TpTrace Information: 0 : 11780, 4, 2026/04/13, 17:03:32.169, 39619533454393, testhost.dll, Running all tests in D:\user\Desktop\QA\Back-End 2\14. Exam Preparation1\Foody\FoodyExamPrep\FoodyExamPrep\bin\Debug\net8.0\fine-code-coverage\build-output\FoodyExamPrep.dll
TpTrace Verbose: 0 : 11780, 4, 2026/04/13, 17:03:32.169, 39619533456264, testhost.dll, TestRequestHandler.SendData: sending data from testhost: {"Version":7,"MessageType":"TestSession.Message","Payload":{"MessageLevel":0,"Message":"Running all tests in D:\\user\\Desktop\\QA\\Back-End 2\\14. Exam Preparation1\\Foody\\FoodyExamPrep\\FoodyExamPrep\\bin\\Debug\\net8.0\\fine-code-coverage\\build-output\\FoodyExamPrep.dll"}}
TpTrace Verbose: 0 : 11780, 4, 2026/04/13, 17:03:32.169, 39619533457758, testhost.dll, MulticastDelegateUtilities.SafeInvoke: TestRunMessageLoggerProxy.SendMessage: Invoking callback 1/1 for Microsoft.VisualStudio.TestPlatform.CrossPlatEngine.Execution.RunTestsWithSources., took 0 ms.
TpTrace Information: 0 : 11780, 4, 2026/04/13, 17:03:32.177, 39619533534299, testhost.dll, AssemblyResolver.OnResolve: testcentric.engine.metadata: Resolving assembly.
TpTrace Information: 0 : 11780, 4, 2026/04/13, 17:03:32.177, 39619533535508, testhost.dll, AssemblyResolver.OnResolve: testcentric.engine.metadata: Searching in: 'D:\user\Desktop\QA\Back-End 2\14. Exam Preparation1\Foody\FoodyExamPrep\FoodyExamPrep\bin\Debug\net8.0\fine-code-coverage\build-output'.
TpTrace Information: 0 : 11780, 4, 2026/04/13, 17:03:32.178, 39619533539282, testhost.dll, AssemblyResolver.OnResolve: testcentric.engine.metadata: Loading assembly 'D:\user\Desktop\QA\Back-End 2\14. Exam Preparation1\Foody\FoodyExamPrep\FoodyExamPrep\bin\Debug\net8.0\fine-code-coverage\build-output\testcentric.engine.metadata.dll'.
TpTrace Information: 0 : 11780, 4, 2026/04/13, 17:03:32.178, 39619533543111, testhost.dll, AssemblyResolver.OnResolve: Resolved assembly: testcentric.engine.metadata, from path: D:\user\Desktop\QA\Back-End 2\14. Exam Preparation1\Foody\FoodyExamPrep\FoodyExamPrep\bin\Debug\net8.0\fine-code-coverage\build-output\testcentric.engine.metadata.dll
TpTrace Information: 0 : 11780, 4, 2026/04/13, 17:03:32.239, 39619534152918, testhost.dll,    NUnit3TestExecutor discovered 7 of 7 NUnit test cases using Current Discovery mode, Non-Explicit run
TpTrace Verbose: 0 : 11780, 4, 2026/04/13, 17:03:32.239, 39619534154234, testhost.dll, TestRequestHandler.SendData: sending data from testhost: {"Version":7,"MessageType":"TestSession.Message","Payload":{"MessageLevel":0,"Message":"   NUnit3TestExecutor discovered 7 of 7 NUnit test cases using Current Discovery mode, Non-Explicit run"}}
TpTrace Verbose: 0 : 11780, 4, 2026/04/13, 17:03:32.239, 39619534155259, testhost.dll, MulticastDelegateUtilities.SafeInvoke: TestRunMessageLoggerProxy.SendMessage: Invoking callback 1/1 for Microsoft.VisualStudio.TestPlatform.CrossPlatEngine.Execution.RunTestsWithSources., took 0 ms.
TpTrace Verbose: 0 : 11780, 13, 2026/04/13, 17:03:32.520, 39619536963739, testhost.dll, TestExecutionRecorder.RecordStart: Starting test: FoodyExamPrep.Tests.CreateFoody_WithRequiredFields_ShouldReturnSuccess.
TpTrace Verbose: 0 : 11780, 13, 2026/04/13, 17:03:32.549, 39619537257050, testhost.dll, MulticastDelegateUtilities.SafeInvoke: TestCaseEventsHandler.RaiseTestCaseStart: Invoking callback 1/1 for Microsoft.VisualStudio.TestPlatform.CrossPlatEngine.DataCollection.ProxyOutOfProcDataCollectionManager., took 21 ms.
TpTrace Verbose: 0 : 11780, 13, 2026/04/13, 17:03:32.640, 39619538168188, testhost.dll, TestExecutionRecorder.RecordEnd: test: FoodyExamPrep.Tests.CreateFoody_WithRequiredFields_ShouldReturnSuccess execution completed.
TpTrace Verbose: 0 : 11780, 13, 2026/04/13, 17:03:32.653, 39619538294785, testhost.dll, MulticastDelegateUtilities.SafeInvoke: TestCaseEventsHandler.RaiseTestCaseEnd: Invoking callback 1/1 for Microsoft.VisualStudio.TestPlatform.CrossPlatEngine.DataCollection.ProxyOutOfProcDataCollectionManager., took 12 ms.
TpTrace Verbose: 0 : 11780, 13, 2026/04/13, 17:03:32.654, 39619538299483, testhost.dll, TestExecutionRecorder.RecordResult: Received result for test: FoodyExamPrep.Tests.CreateFoody_WithRequiredFields_ShouldReturnSuccess.
TpTrace Verbose: 0 : 11780, 13, 2026/04/13, 17:03:32.654, 39619538305965, testhost.dll, MulticastDelegateUtilities.SafeInvoke: TestCaseEventsHandler.RaiseTestCaseEnd: Invoking callback 1/1 for Microsoft.VisualStudio.TestPlatform.CrossPlatEngine.DataCollection.ProxyOutOfProcDataCollectionManager., took 0 ms.
TpTrace Warning: 0 : 11780, 13, 2026/04/13, 17:03:32.656, 39619538319549, testhost.dll, TestRunCache: InProgressTests is null
TpTrace Warning: 0 : 11780, 13, 2026/04/13, 17:03:32.656, 39619538320437, testhost.dll, TestRunCache: No test found corresponding to testResult 'CreateFoody_WithRequiredFields_ShouldReturnSuccess' in inProgress list.
TpTrace Verbose: 0 : 11780, 13, 2026/04/13, 17:03:32.656, 39619538321883, testhost.dll, TestExecutionRecorder.RecordStart: Starting test: FoodyExamPrep.Tests.Edit_TitleOfCreatedFood_ShouldReturnSuccess.
TpTrace Verbose: 0 : 11780, 13, 2026/04/13, 17:03:32.657, 39619538335821, testhost.dll, MulticastDelegateUtilities.SafeInvoke: TestCaseEventsHandler.RaiseTestCaseStart: Invoking callback 1/1 for Microsoft.VisualStudio.TestPlatform.CrossPlatEngine.DataCollection.ProxyOutOfProcDataCollectionManager., took 1 ms.
TpTrace Verbose: 0 : 11780, 13, 2026/04/13, 17:03:32.723, 39619538992596, testhost.dll, TestExecutionRecorder.RecordEnd: test: FoodyExamPrep.Tests.Edit_TitleOfCreatedFood_ShouldReturnSuccess execution completed.
TpTrace Verbose: 0 : 11780, 13, 2026/04/13, 17:03:32.725, 39619539009410, testhost.dll, MulticastDelegateUtilities.SafeInvoke: TestCaseEventsHandler.RaiseTestCaseEnd: Invoking callback 1/1 for Microsoft.VisualStudio.TestPlatform.CrossPlatEngine.DataCollection.ProxyOutOfProcDataCollectionManager., took 1 ms.
TpTrace Verbose: 0 : 11780, 13, 2026/04/13, 17:03:32.725, 39619539010156, testhost.dll, TestExecutionRecorder.RecordResult: Received result for test: FoodyExamPrep.Tests.Edit_TitleOfCreatedFood_ShouldReturnSuccess.
TpTrace Verbose: 0 : 11780, 13, 2026/04/13, 17:03:32.725, 39619539011990, testhost.dll, MulticastDelegateUtilities.SafeInvoke: TestCaseEventsHandler.RaiseTestCaseEnd: Invoking callback 1/1 for Microsoft.VisualStudio.TestPlatform.CrossPlatEngine.DataCollection.ProxyOutOfProcDataCollectionManager., took 0 ms.
TpTrace Warning: 0 : 11780, 13, 2026/04/13, 17:03:32.725, 39619539015835, testhost.dll, TestRunCache: InProgressTests is null
TpTrace Warning: 0 : 11780, 13, 2026/04/13, 17:03:32.725, 39619539016576, testhost.dll, TestRunCache: No test found corresponding to testResult 'Edit_TitleOfCreatedFood_ShouldReturnSuccess' in inProgress list.
TpTrace Verbose: 0 : 11780, 13, 2026/04/13, 17:03:32.725, 39619539017885, testhost.dll, TestExecutionRecorder.RecordStart: Starting test: FoodyExamPrep.Tests.GetAllFoods_ShouldListAllFoods.
TpTrace Verbose: 0 : 11780, 13, 2026/04/13, 17:03:32.727, 39619539031994, testhost.dll, MulticastDelegateUtilities.SafeInvoke: TestCaseEventsHandler.RaiseTestCaseStart: Invoking callback 1/1 for Microsoft.VisualStudio.TestPlatform.CrossPlatEngine.DataCollection.ProxyOutOfProcDataCollectionManager., took 1 ms.
TpTrace Verbose: 0 : 11780, 13, 2026/04/13, 17:03:32.784, 39619539608368, testhost.dll, TestExecutionRecorder.RecordEnd: test: FoodyExamPrep.Tests.GetAllFoods_ShouldListAllFoods execution completed.
TpTrace Verbose: 0 : 11780, 13, 2026/04/13, 17:03:32.786, 39619539621015, testhost.dll, MulticastDelegateUtilities.SafeInvoke: TestCaseEventsHandler.RaiseTestCaseEnd: Invoking callback 1/1 for Microsoft.VisualStudio.TestPlatform.CrossPlatEngine.DataCollection.ProxyOutOfProcDataCollectionManager., took 1 ms.
TpTrace Verbose: 0 : 11780, 13, 2026/04/13, 17:03:32.786, 39619539621682, testhost.dll, TestExecutionRecorder.RecordResult: Received result for test: FoodyExamPrep.Tests.GetAllFoods_ShouldListAllFoods.
TpTrace Verbose: 0 : 11780, 13, 2026/04/13, 17:03:32.786, 39619539622017, testhost.dll, MulticastDelegateUtilities.SafeInvoke: TestCaseEventsHandler.RaiseTestCaseEnd: Invoking callback 1/1 for Microsoft.VisualStudio.TestPlatform.CrossPlatEngine.DataCollection.ProxyOutOfProcDataCollectionManager., took 0 ms.
TpTrace Warning: 0 : 11780, 13, 2026/04/13, 17:03:32.786, 39619539622257, testhost.dll, TestRunCache: InProgressTests is null
TpTrace Warning: 0 : 11780, 13, 2026/04/13, 17:03:32.786, 39619539622396, testhost.dll, TestRunCache: No test found corresponding to testResult 'GetAllFoods_ShouldListAllFoods' in inProgress list.
TpTrace Verbose: 0 : 11780, 13, 2026/04/13, 17:03:32.786, 39619539623211, testhost.dll, TestExecutionRecorder.RecordStart: Starting test: FoodyExamPrep.Tests.Delete_CreatedFood_ShouldReturnSuccess.
TpTrace Verbose: 0 : 11780, 13, 2026/04/13, 17:03:32.787, 39619539631602, testhost.dll, MulticastDelegateUtilities.SafeInvoke: TestCaseEventsHandler.RaiseTestCaseStart: Invoking callback 1/1 for Microsoft.VisualStudio.TestPlatform.CrossPlatEngine.DataCollection.ProxyOutOfProcDataCollectionManager., took 0 ms.
TpTrace Verbose: 0 : 11780, 13, 2026/04/13, 17:03:32.873, 39619540491407, testhost.dll, TestExecutionRecorder.RecordEnd: test: FoodyExamPrep.Tests.Delete_CreatedFood_ShouldReturnSuccess execution completed.
TpTrace Verbose: 0 : 11780, 13, 2026/04/13, 17:03:32.874, 39619540503956, testhost.dll, MulticastDelegateUtilities.SafeInvoke: TestCaseEventsHandler.RaiseTestCaseEnd: Invoking callback 1/1 for Microsoft.VisualStudio.TestPlatform.CrossPlatEngine.DataCollection.ProxyOutOfProcDataCollectionManager., took 1 ms.
TpTrace Verbose: 0 : 11780, 13, 2026/04/13, 17:03:32.874, 39619540504546, testhost.dll, TestExecutionRecorder.RecordResult: Received result for test: FoodyExamPrep.Tests.Delete_CreatedFood_ShouldReturnSuccess.
TpTrace Verbose: 0 : 11780, 13, 2026/04/13, 17:03:32.874, 39619540504812, testhost.dll, MulticastDelegateUtilities.SafeInvoke: TestCaseEventsHandler.RaiseTestCaseEnd: Invoking callback 1/1 for Microsoft.VisualStudio.TestPlatform.CrossPlatEngine.DataCollection.ProxyOutOfProcDataCollectionManager., took 0 ms.
TpTrace Warning: 0 : 11780, 13, 2026/04/13, 17:03:32.874, 39619540505073, testhost.dll, TestRunCache: InProgressTests is null
TpTrace Warning: 0 : 11780, 13, 2026/04/13, 17:03:32.874, 39619540505221, testhost.dll, TestRunCache: No test found corresponding to testResult 'Delete_CreatedFood_ShouldReturnSuccess' in inProgress list.
TpTrace Verbose: 0 : 11780, 13, 2026/04/13, 17:03:32.874, 39619540505982, testhost.dll, TestExecutionRecorder.RecordStart: Starting test: FoodyExamPrep.Tests.CreateFood_WithoutRequiredFields_ShouldReturnBadRequest.
TpTrace Verbose: 0 : 11780, 13, 2026/04/13, 17:03:32.875, 39619540514160, testhost.dll, MulticastDelegateUtilities.SafeInvoke: TestCaseEventsHandler.RaiseTestCaseStart: Invoking callback 1/1 for Microsoft.VisualStudio.TestPlatform.CrossPlatEngine.DataCollection.ProxyOutOfProcDataCollectionManager., took 0 ms.
TpTrace Verbose: 0 : 11780, 13, 2026/04/13, 17:03:32.925, 39619541010970, testhost.dll, TestExecutionRecorder.RecordEnd: test: FoodyExamPrep.Tests.CreateFood_WithoutRequiredFields_ShouldReturnBadRequest execution completed.
TpTrace Verbose: 0 : 11780, 13, 2026/04/13, 17:03:32.926, 39619541024006, testhost.dll, MulticastDelegateUtilities.SafeInvoke: TestCaseEventsHandler.RaiseTestCaseEnd: Invoking callback 1/1 for Microsoft.VisualStudio.TestPlatform.CrossPlatEngine.DataCollection.ProxyOutOfProcDataCollectionManager., took 1 ms.
TpTrace Verbose: 0 : 11780, 13, 2026/04/13, 17:03:32.926, 39619541024757, testhost.dll, TestExecutionRecorder.RecordResult: Received result for test: FoodyExamPrep.Tests.CreateFood_WithoutRequiredFields_ShouldReturnBadRequest.
TpTrace Verbose: 0 : 11780, 13, 2026/04/13, 17:03:32.926, 39619541025154, testhost.dll, MulticastDelegateUtilities.SafeInvoke: TestCaseEventsHandler.RaiseTestCaseEnd: Invoking callback 1/1 for Microsoft.VisualStudio.TestPlatform.CrossPlatEngine.DataCollection.ProxyOutOfProcDataCollectionManager., took 0 ms.
TpTrace Warning: 0 : 11780, 13, 2026/04/13, 17:03:32.926, 39619541025372, testhost.dll, TestRunCache: InProgressTests is null
TpTrace Warning: 0 : 11780, 13, 2026/04/13, 17:03:32.926, 39619541025500, testhost.dll, TestRunCache: No test found corresponding to testResult 'CreateFood_WithoutRequiredFields_ShouldReturnBadRequest' in inProgress list.
TpTrace Verbose: 0 : 11780, 13, 2026/04/13, 17:03:32.926, 39619541026581, testhost.dll, TestExecutionRecorder.RecordStart: Starting test: FoodyExamPrep.Tests.Edit_NonExistentFood_ShouldReturnNotFound.
TpTrace Verbose: 0 : 11780, 13, 2026/04/13, 17:03:32.927, 39619541036535, testhost.dll, MulticastDelegateUtilities.SafeInvoke: TestCaseEventsHandler.RaiseTestCaseStart: Invoking callback 1/1 for Microsoft.VisualStudio.TestPlatform.CrossPlatEngine.DataCollection.ProxyOutOfProcDataCollectionManager., took 0 ms.
TpTrace Verbose: 0 : 11780, 13, 2026/04/13, 17:03:32.966, 39619541428889, testhost.dll, TestExecutionRecorder.RecordEnd: test: FoodyExamPrep.Tests.Edit_NonExistentFood_ShouldReturnNotFound execution completed.
TpTrace Verbose: 0 : 11780, 13, 2026/04/13, 17:03:32.968, 39619541441394, testhost.dll, MulticastDelegateUtilities.SafeInvoke: TestCaseEventsHandler.RaiseTestCaseEnd: Invoking callback 1/1 for Microsoft.VisualStudio.TestPlatform.CrossPlatEngine.DataCollection.ProxyOutOfProcDataCollectionManager., took 1 ms.
TpTrace Verbose: 0 : 11780, 13, 2026/04/13, 17:03:32.968, 39619541442349, testhost.dll, TestExecutionRecorder.RecordResult: Received result for test: FoodyExamPrep.Tests.Edit_NonExistentFood_ShouldReturnNotFound.
TpTrace Verbose: 0 : 11780, 13, 2026/04/13, 17:03:32.968, 39619541442693, testhost.dll, MulticastDelegateUtilities.SafeInvoke: TestCaseEventsHandler.RaiseTestCaseEnd: Invoking callback 1/1 for Microsoft.VisualStudio.TestPlatform.CrossPlatEngine.DataCollection.ProxyOutOfProcDataCollectionManager., took 0 ms.
TpTrace Warning: 0 : 11780, 13, 2026/04/13, 17:03:32.968, 39619541442930, testhost.dll, TestRunCache: InProgressTests is null
TpTrace Warning: 0 : 11780, 13, 2026/04/13, 17:03:32.968, 39619541443098, testhost.dll, TestRunCache: No test found corresponding to testResult 'Edit_NonExistentFood_ShouldReturnNotFound' in inProgress list.
TpTrace Verbose: 0 : 11780, 13, 2026/04/13, 17:03:32.968, 39619541444071, testhost.dll, TestExecutionRecorder.RecordStart: Starting test: FoodyExamPrep.Tests.Delete_NonExistentFood_ShouldReturnNotFound.
TpTrace Verbose: 0 : 11780, 13, 2026/04/13, 17:03:32.969, 39619541451587, testhost.dll, MulticastDelegateUtilities.SafeInvoke: TestCaseEventsHandler.RaiseTestCaseStart: Invoking callback 1/1 for Microsoft.VisualStudio.TestPlatform.CrossPlatEngine.DataCollection.ProxyOutOfProcDataCollectionManager., took 0 ms.
TpTrace Verbose: 0 : 11780, 13, 2026/04/13, 17:03:33.014, 39619541904646, testhost.dll, TestExecutionRecorder.RecordEnd: test: FoodyExamPrep.Tests.Delete_NonExistentFood_ShouldReturnNotFound execution completed.
TpTrace Verbose: 0 : 11780, 13, 2026/04/13, 17:03:33.015, 39619541917904, testhost.dll, MulticastDelegateUtilities.SafeInvoke: TestCaseEventsHandler.RaiseTestCaseEnd: Invoking callback 1/1 for Microsoft.VisualStudio.TestPlatform.CrossPlatEngine.DataCollection.ProxyOutOfProcDataCollectionManager., took 1 ms.
TpTrace Verbose: 0 : 11780, 13, 2026/04/13, 17:03:33.015, 39619541918706, testhost.dll, TestExecutionRecorder.RecordResult: Received result for test: FoodyExamPrep.Tests.Delete_NonExistentFood_ShouldReturnNotFound.
TpTrace Verbose: 0 : 11780, 13, 2026/04/13, 17:03:33.016, 39619541919043, testhost.dll, MulticastDelegateUtilities.SafeInvoke: TestCaseEventsHandler.RaiseTestCaseEnd: Invoking callback 1/1 for Microsoft.VisualStudio.TestPlatform.CrossPlatEngine.DataCollection.ProxyOutOfProcDataCollectionManager., took 0 ms.
TpTrace Warning: 0 : 11780, 13, 2026/04/13, 17:03:33.016, 39619541919301, testhost.dll, TestRunCache: InProgressTests is null
TpTrace Warning: 0 : 11780, 13, 2026/04/13, 17:03:33.016, 39619541919452, testhost.dll, TestRunCache: No test found corresponding to testResult 'Delete_NonExistentFood_ShouldReturnNotFound' in inProgress list.
TpTrace Information: 0 : 11780, 4, 2026/04/13, 17:03:33.019, 39619541956165, testhost.dll, NUnit Adapter 4.5.0.0: Test execution complete
TpTrace Verbose: 0 : 11780, 4, 2026/04/13, 17:03:33.019, 39619541957243, testhost.dll, TestRequestHandler.SendData: sending data from testhost: {"Version":7,"MessageType":"TestSession.Message","Payload":{"MessageLevel":0,"Message":"NUnit Adapter 4.5.0.0: Test execution complete"}}
TpTrace Verbose: 0 : 11780, 4, 2026/04/13, 17:03:33.019, 39619541958284, testhost.dll, MulticastDelegateUtilities.SafeInvoke: TestRunMessageLoggerProxy.SendMessage: Invoking callback 1/1 for Microsoft.VisualStudio.TestPlatform.CrossPlatEngine.Execution.RunTestsWithSources., took 0 ms.
TpTrace Verbose: 0 : 11780, 4, 2026/04/13, 17:03:33.021, 39619541975122, testhost.dll, BaseRunTests.RunTestInternalWithExecutors: Completed running tests for executor://NUnit3TestExecutor
TpTrace Verbose: 0 : 11780, 4, 2026/04/13, 17:03:33.022, 39619541984232, testhost.dll, MulticastDelegateUtilities.SafeInvoke: TestCaseEventsHandler.RaiseSessionEnd: Invoking callback 1/1 for Microsoft.VisualStudio.TestPlatform.CrossPlatEngine.DataCollection.ProxyOutOfProcDataCollectionManager., took 0 ms.
TpTrace Information: 0 : 11780, 4, 2026/04/13, 17:03:33.026, 39619542019900, testhost.dll, Sending test run complete
TpTrace Verbose: 0 : 11780, 4, 2026/04/13, 17:03:33.050, 39619542267021, testhost.dll, TestRequestHandler.SendData: sending data from testhost: {"Version":7,"MessageType":"TestExecution.Completed","Payload":{"TestRunCompleteArgs":{"TestRunStatistics":{"ExecutedTests":7,"Stats":{"Passed":7}},"IsCanceled":false,"IsAborted":false,"Error":null,"AttachmentSets":[],"InvokedDataCollectors":[],"ElapsedTimeInRunningTests":"00:00:00.8906198","Metrics":{},"DiscoveredExtensions":{"TestDiscoverers":["NUnit.VisualStudio.TestAdapter.NUnit3TestDiscoverer, NUnit3.TestAdapter, Version=4.5.0.0, Culture=neutral, PublicKeyToken=4cb40d35494691ac"],"TestExecutors":["executor://NUnit3TestExecutor"],"TestExecutors2":[],"TestSettingsProviders":[]}},"LastRunTests":{"NewTestResults":[{"TestCase":{"Id":"abc683dd-6175-c099-43bb-24b57a50c291","FullyQualifiedName":"FoodyExamPrep.Tests.CreateFoody_WithRequiredFields_ShouldReturnSuccess","DisplayName":"CreateFoody_WithRequiredFields_ShouldReturnSuccess","ExecutorUri":"executor://NUnit3TestExecutor","Source":"D:\\user\\Desktop\\QA\\Back-End 2\\14. Exam Preparation1\\Foody\\FoodyExamPrep\\FoodyExamPrep\\bin\\Debug\\net8.0\\fine-code-coverage\\build-output\\FoodyExamPrep.dll","CodeFilePath":null,"LineNumber":0,"Properties":[{"Key":{"Id":"NUnit.Seed","Label":"Seed","Category":"","Description":"","Attributes":0,"ValueType":"System.String"},"Value":"935686487"}]},"Attachments":[],"Outcome":1,"ErrorMessage":null,"ErrorStackTrace":null,"DisplayName":"CreateFoody_WithRequiredFields_ShouldReturnSuccess","Messages":[],"ComputerName":"IRINA-LAPTOP","Duration":"00:00:00.1090520","StartTime":"2026-04-13T14:03:32.519467+00:00","EndTime":"2026-04-13T14:03:32.6284662+00:00","Properties":[{"Key":{"Id":"NUnit.Seed","Label":"Seed","Category":"","Description":"","Attributes":0,"ValueType":"System.String"},"Value":"935686487"}]},{"TestCase":{"Id":"03fedc77-efbb-e9f3-016e-2579ff468ccf","FullyQualifiedName":"FoodyExamPrep.Tests.Edit_TitleOfCreatedFood_ShouldReturnSuccess","DisplayName":"Edit_TitleOfCreatedFood_ShouldReturnSuccess","ExecutorUri":"executor://NUnit3TestExecutor","Source":"D:\\user\\Desktop\\QA\\Back-End 2\\14. Exam Preparation1\\Foody\\FoodyExamPrep\\FoodyExamPrep\\bin\\Debug\\net8.0\\fine-code-coverage\\build-output\\FoodyExamPrep.dll","CodeFilePath":null,"LineNumber":0,"Properties":[{"Key":{"Id":"NUnit.Seed","Label":"Seed","Category":"","Description":"","Attributes":0,"ValueType":"System.String"},"Value":"794816298"}]},"Attachments":[],"Outcome":1,"ErrorMessage":null,"ErrorStackTrace":null,"DisplayName":"Edit_TitleOfCreatedFood_ShouldReturnSuccess","Messages":[],"ComputerName":"IRINA-LAPTOP","Duration":"00:00:00.0923180","StartTime":"2026-04-13T14:03:32.6306039+00:00","EndTime":"2026-04-13T14:03:32.7229222+00:00","Properties":[{"Key":{"Id":"NUnit.Seed","Label":"Seed","Category":"","Description":"","Attributes":0,"ValueType":"System.String"},"Value":"794816298"}]},{"TestCase":{"Id":"eaa8e2f7-ba04-2ebb-3098-fb0727a4c07e","FullyQualifiedName":"FoodyExamPrep.Tests.GetAllFoods_ShouldListAllFoods","DisplayName":"GetAllFoods_ShouldListAllFoods","ExecutorUri":"executor://NUnit3TestExecutor","Source":"D:\\user\\Desktop\\QA\\Back-End 2\\14. Exam Preparation1\\Foody\\FoodyExamPrep\\FoodyExamPrep\\bin\\Debug\\net8.0\\fine-code-coverage\\build-output\\FoodyExamPrep.dll","CodeFilePath":null,"LineNumber":0,"Properties":[{"Key":{"Id":"NUnit.Seed","Label":"Seed","Category":"","Description":"","Attributes":0,"ValueType":"System.String"},"Value":"1885089890"}]},"Attachments":[],"Outcome":1,"ErrorMessage":null,"ErrorStackTrace":null,"DisplayName":"GetAllFoods_ShouldListAllFoods","Messages":[],"ComputerName":"IRINA-LAPTOP","Duration":"00:00:00.0616550","StartTime":"2026-04-13T14:03:32.7229806+00:00","EndTime":"2026-04-13T14:03:32.784635+00:00","Properties":[{"Key":{"Id":"NUnit.Seed","Label":"Seed","Category":"","Description":"","Attributes":0,"ValueType":"System.String"},"Value":"1885089890"}]},{"TestCase":{"Id":"dda70a6e-d8d0-2fa3-0d04-efddda724544","FullyQualifiedName":"FoodyExamPrep.Tests.Delete_CreatedFood_ShouldReturnSuccess","DisplayName":"Delete_CreatedFood_ShouldReturnSuccess","ExecutorUri":"executor://NUnit3TestExecutor","Source":"D:\\user\\Desktop\\QA\\Back-End 2\\14. Exam Preparation1\\Foody\\FoodyExamPrep\\FoodyExamPrep\\bin\\Debug\\net8.0\\fine-code-coverage\\build-output\\FoodyExamPrep.dll","CodeFilePath":null,"LineNumber":0,"Properties":[{"Key":{"Id":"NUnit.Seed","Label":"Seed","Category":"","Description":"","Attributes":0,"ValueType":"System.String"},"Value":"206613276"}]},"Attachments":[],"Outcome":1,"ErrorMessage":null,"ErrorStackTrace":null,"DisplayName":"Delete_CreatedFood_ShouldReturnSuccess","Messages":[],"ComputerName":"IRINA-LAPTOP","Duration":"00:00:00.0882840","StartTime":"2026-04-13T14:03:32.7846695+00:00","EndTime":"2026-04-13T14:03:32.8729537+00:00","Properties":[{"Key":{"Id":"NUnit.Seed","Label":"Seed","Category":"","Description":"","Attributes":0,"ValueType":"System.String"},"Value":"206613276"}]},{"TestCase":{"Id":"89dae8c8-fdd7-f250-37f6-96c8667064b7","FullyQualifiedName":"FoodyExamPrep.Tests.CreateFood_WithoutRequiredFields_ShouldReturnBadRequest","DisplayName":"CreateFood_WithoutRequiredFields_ShouldReturnBadRequest","ExecutorUri":"executor://NUnit3TestExecutor","Source":"D:\\user\\Desktop\\QA\\Back-End 2\\14. Exam Preparation1\\Foody\\FoodyExamPrep\\FoodyExamPrep\\bin\\Debug\\net8.0\\fine-code-coverage\\build-output\\FoodyExamPrep.dll","CodeFilePath":null,"LineNumber":0,"Properties":[{"Key":{"Id":"NUnit.Seed","Label":"Seed","Category":"","Description":"","Attributes":0,"ValueType":"System.String"},"Value":"1419596372"}]},"Attachments":[],"Outcome":1,"ErrorMessage":null,"ErrorStackTrace":null,"DisplayName":"CreateFood_WithoutRequiredFields_ShouldReturnBadRequest","Messages":[],"ComputerName":"IRINA-LAPTOP","Duration":"00:00:00.0519100","StartTime":"2026-04-13T14:03:32.8729816+00:00","EndTime":"2026-04-13T14:03:32.9248917+00:00","Properties":[{"Key":{"Id":"NUnit.Seed","Label":"Seed","Category":"","Description":"","Attributes":0,"ValueType":"System.String"},"Value":"1419596372"}]},{"TestCase":{"Id":"1dc65d3d-8bcb-c32f-5760-8cf44fc5f6c1","FullyQualifiedName":"FoodyExamPrep.Tests.Edit_NonExistentFood_ShouldReturnNotFound","DisplayName":"Edit_NonExistentFood_ShouldReturnNotFound","ExecutorUri":"executor://NUnit3TestExecutor","Source":"D:\\user\\Desktop\\QA\\Back-End 2\\14. Exam Preparation1\\Foody\\FoodyExamPrep\\FoodyExamPrep\\bin\\Debug\\net8.0\\fine-code-coverage\\build-output\\FoodyExamPrep.dll","CodeFilePath":null,"LineNumber":0,"Properties":[{"Key":{"Id":"NUnit.Seed","Label":"Seed","Category":"","Description":"","Attributes":0,"ValueType":"System.String"},"Value":"828191320"}]},"Attachments":[],"Outcome":1,"ErrorMessage":null,"ErrorStackTrace":null,"DisplayName":"Edit_NonExistentFood_ShouldReturnNotFound","Messages":[],"ComputerName":"IRINA-LAPTOP","Duration":"00:00:00.0417760","StartTime":"2026-04-13T14:03:32.9249188+00:00","EndTime":"2026-04-13T14:03:32.9666946+00:00","Properties":[{"Key":{"Id":"NUnit.Seed","Label":"Seed","Category":"","Description":"","Attributes":0,"ValueType":"System.String"},"Value":"828191320"}]},{"TestCase":{"Id":"cfad53a4-e9e9-8f24-2c01-a32ed72e5f21","FullyQualifiedName":"FoodyExamPrep.Tests.Delete_NonExistentFood_ShouldReturnNotFound","DisplayName":"Delete_NonExistentFood_ShouldReturnNotFound","ExecutorUri":"executor://NUnit3TestExecutor","Source":"D:\\user\\Desktop\\QA\\Back-End 2\\14. Exam Preparation1\\Foody\\FoodyExamPrep\\FoodyExamPrep\\bin\\Debug\\net8.0\\fine-code-coverage\\build-output\\FoodyExamPrep.dll","CodeFilePath":null,"LineNumber":0,"Properties":[{"Key":{"Id":"NUnit.Seed","Label":"Seed","Category":"","Description":"","Attributes":0,"ValueType":"System.String"},"Value":"473683282"}]},"Attachments":[],"Outcome":1,"ErrorMessage":null,"ErrorStackTrace":null,"DisplayName":"Delete_NonExistentFood_ShouldReturnNotFound","Messages":[],"ComputerName":"IRINA-LAPTOP","Duration":"00:00:00.0475560","StartTime":"2026-04-13T14:03:32.9667264+00:00","EndTime":"2026-04-13T14:03:33.014282+00:00","Properties":[{"Key":{"Id":"NUnit.Seed","Label":"Seed","Category":"","Description":"","Attributes":0,"ValueType":"System.String"},"Value":"473683282"}]}],"TestRunStatistics":{"ExecutedTests":7,"Stats":{"Passed":7}},"ActiveTests":[]},"RunAttachments":[],"ExecutorUris":["executor://nunit3testexecutor/"]}}
TpTrace Verbose: 0 : 11780, 4, 2026/04/13, 17:03:33.051, 39619542270429, testhost.dll, BaseRunTests.RunTests: Run is complete.
TpTrace Verbose: 0 : 11780, 9, 2026/04/13, 17:03:33.052, 39619542280443, testhost.dll, TcpClientExtensions.MessageLoopAsync: NotifyDataAvailable remoteEndPoint: [::ffff:127.0.0.1]:64757 localEndPoint: [::ffff:127.0.0.1]:64758
TpTrace Information: 0 : 11780, 9, 2026/04/13, 17:03:33.052, 39619542281377, testhost.dll, TestRequestHandler.OnMessageReceived: received message: (TestSession.Terminate) -> {"MessageType":"TestSession.Terminate","Payload":null}
TpTrace Information: 0 : 11780, 9, 2026/04/13, 17:03:33.052, 39619542281608, testhost.dll, Session End message received from server. Closing the connection.
TpTrace Information: 0 : 11780, 9, 2026/04/13, 17:03:33.052, 39619542284104, testhost.dll, SocketClient.Stop: Stop communication from server endpoint: 127.0.0.1:064757
TpTrace Information: 0 : 11780, 9, 2026/04/13, 17:03:33.052, 39619542284452, testhost.dll, SocketClient: Stop: Cancellation requested. Stopping message loop.
TpTrace Verbose: 0 : 11780, 9, 2026/04/13, 17:03:33.052, 39619542285179, testhost.dll, LengthPrefixCommunicationChannel.Dispose: Dispose reader and writer.
TpTrace Information: 0 : 11780, 9, 2026/04/13, 17:03:33.052, 39619542285465, testhost.dll, Closing the connection !
TpTrace Verbose: 0 : 11780, 9, 2026/04/13, 17:03:33.052, 39619542285732, testhost.dll, MulticastDelegateUtilities.SafeInvoke: LengthPrefixCommunicationChannel: MessageReceived: Invoking callback 1/1 for Microsoft.VisualStudio.TestPlatform.CommunicationUtilities.TestRequestHandler., took 0 ms.
TpTrace Information: 0 : 11780, 1, 2026/04/13, 17:03:33.052, 39619542286154, testhost.dll, Closing the connection!
TpTrace Information: 0 : 11780, 1, 2026/04/13, 17:03:33.052, 39619542287021, testhost.dll, Testhost process exiting.
TpTrace Information: 0 : 11780, 9, 2026/04/13, 17:03:33.052, 39619542287114, testhost.dll, SocketClient.PrivateStop: Stop communication from server endpoint: 127.0.0.1:064757, error:
TpTrace Verbose: 0 : 11780, 9, 2026/04/13, 17:03:33.052, 39619542287965, testhost.dll, LengthPrefixCommunicationChannel.Dispose: Dispose reader and writer.
TpTrace Verbose: 0 : 11780, 9, 2026/04/13, 17:03:33.052, 39619542288161, testhost.dll, TcpClientExtensions.MessageLoopAsync: exiting MessageLoopAsync remoteEndPoint: [::ffff:127.0.0.1]:64757 localEndPoint: [::ffff:127.0.0.1]:64758
